<?xml version="1.0" encoding="UTF-8"?>
<testsuite name="com.bridgelabz.Password" tests="8" skipped="0" failures="8" errors="0" timestamp="2022-07-10T15:28:33" hostname="KISALAY" time="0.036">
  <properties/>
  <testcase name="happyLastName()" classname="com.bridgelabz.Password" time="0.004">
    <failure message="java.lang.StackOverflowError" type="java.lang.StackOverflowError">java.lang.StackOverflowError
	at com.bridgelabz.Password.&lt;init&gt;(Password.java:7)
	at com.bridgelabz.Password.&lt;init&gt;(Password.java:7)
	at com.bridgelabz.Password.&lt;init&gt;(Password.java:7)
	at com.bridgelabz.Password.&lt;init&gt;(Password.java:7)
	at com.bridgelabz.Password.&lt;init&gt;(Password.java:7)
	at com.bridgelabz.Password.&lt;init&gt;(Password.java:7)
	at com.bridgelabz.Password.&lt;init&gt;(Password.java:7)
	at com.bridgelabz.Password.&lt;init&gt;(Password.java:7)
	at com.bridgelabz.Password.&lt;init&gt;(Password.java:7)
	at com.bridgelabz.Password.&lt;init&gt;(Password.java:7)
	at com.bridgelabz.Password.&lt;init&gt;(Password.java:7)
	at com.bridgelabz.Password.&lt;init&gt;(Password.java:7)
	at com.bridgelabz.Password.&lt;init&gt;(Password.java:7)
	at com.bridgelabz.Password.&lt;init&gt;(Password.java:7)
	at com.bridgelabz.Password.&lt;init&gt;(Password.java:7)
	at com.bridgelabz.Password.&lt;init&gt;(Password.java:7)
	at com.bridgelabz.Password.&lt;init&gt;(Password.java:7)
	at com.bridgelabz.Password.&lt;init&gt;(Password.java:7)
	at com.bridgelabz.Password.&lt;init&gt;(Password.java:7)
	at com.bridgelabz.Password.&lt;init&gt;(Password.java:7)
	at com.bridgelabz.Password.&lt;init&gt;(Password.java:7)
	at com.bridgelabz.Password.&lt;init&gt;(Password.java:7)
	at com.bridgelabz.Password.&lt;init&gt;(Password.java:7)
	at com.bridgelabz.Password.&lt;init&gt;(Password.java:7)
	at com.bridgelabz.Password.&lt;init&gt;(Password.java:7)
	at com.bridgelabz.Password.&lt;init&gt;(Password.java:7)
	at com.bridgelabz.Password.&lt;init&gt;(Password.java:7)
	at com.bridgelabz.Password.&lt;init&gt;(Password.java:7)
	at com.bridgelabz.Password.&lt;init&gt;(Password.java:7)
	at com.bridgelabz.Password.&lt;init&gt;(Password.java:7)
	at com.bridgelabz.Password.&lt;init&gt;(Password.java:7)
	at com.bridgelabz.Password.&lt;init&gt;(Password.java:7)
	at com.bridgelabz.Password.&lt;init&gt;(Password.java:7)
	at com.bridgelabz.Password.&lt;init&gt;(Password.java:7)
	at com.bridgelabz.Password.&lt;init&gt;(Password.java:7)
	at com.bridgelabz.Password.&lt;init&gt;(Password.java:7)
	at com.bridgelabz.Password.&lt;init&gt;(Password.java:7)
	at com.bridgelabz.Password.&lt;init&gt;(Password.java:7)
	at com.bridgelabz.Password.&lt;init&gt;(Password.java:7)
	at com.bridgelabz.Password.&lt;init&gt;(Password.java:7)
	at com.bridgelabz.Password.&lt;init&gt;(Password.java:7)
	at com.bridgelabz.Password.&lt;init&gt;(Password.java:7)
	at com.bridgelabz.Password.&lt;init&gt;(Password.java:7)
	at com.bridgelabz.Password.&lt;init&gt;(Password.java:7)
	at com.bridgelabz.Password.&lt;init&gt;(Password.java:7)
	at com.bridgelabz.Password.&lt;init&gt;(Password.java:7)
	at com.bridgelabz.Password.&lt;init&gt;(Password.java:7)
	at com.bridgelabz.Password.&lt;init&gt;(Password.java:7)
	at com.bridgelabz.Password.&lt;init&gt;(Password.java:7)
	at com.bridgelabz.Password.&lt;init&gt;(Password.java:7)
	at com.bridgelabz.Password.&lt;init&gt;(Password.java:7)
	at com.bridgelabz.Password.&lt;init&gt;(Password.java:7)
	at com.bridgelabz.Password.&lt;init&gt;(Password.java:7)
	at com.bridgelabz.Password.&lt;init&gt;(Password.java:7)
	at com.bridgelabz.Password.&lt;init&gt;(Password.java:7)
	at com.bridgelabz.Password.&lt;init&gt;(Password.java:7)
	at com.bridgelabz.Password.&lt;init&gt;(Password.java:7)
	at com.bridgelabz.Password.&lt;init&gt;(Password.java:7)
	at com.bridgelabz.Password.&lt;init&gt;(Password.java:7)
	at com.bridgelabz.Password.&lt;init&gt;(Password.java:7)
	at com.bridgelabz.Password.&lt;init&gt;(Password.java:7)
	at com.bridgelabz.Password.&lt;init&gt;(Password.java:7)
	at com.bridgelabz.Password.&lt;init&gt;(Password.java:7)
	at com.bridgelabz.Password.&lt;init&gt;(Password.java:7)
	at com.bridgelabz.Password.&lt;init&gt;(Password.java:7)
	at com.bridgelabz.Password.&lt;init&gt;(Password.java:7)
	at com.bridgelabz.Password.&lt;init&gt;(Password.java:7)
	at com.bridgelabz.Password.&lt;init&gt;(Password.java:7)
	at com.bridgelabz.Password.&lt;init&gt;(Password.java:7)
	at com.bridgelabz.Password.&lt;init&gt;(Password.java:7)
	at com.bridgelabz.Password.&lt;init&gt;(Password.java:7)
	at com.bridgelabz.Password.&lt;init&gt;(Password.java:7)
	at com.bridgelabz.Password.&lt;init&gt;(Password.java:7)
	at com.bridgelabz.Password.&lt;init&gt;(Password.java:7)
	at com.bridgelabz.Password.&lt;init&gt;(Password.java:7)
	at com.bridgelabz.Password.&lt;init&gt;(Password.java:7)
	at com.bridgelabz.Password.&lt;init&gt;(Password.java:7)
	at com.bridgelabz.Password.&lt;init&gt;(Password.java:7)
	at com.bridgelabz.Password.&lt;init&gt;(Password.java:7)
	at com.bridgelabz.Password.&lt;init&gt;(Password.java:7)
	at com.bridgelabz.Password.&lt;init&gt;(Password.java:7)
	at com.bridgelabz.Password.&lt;init&gt;(Password.java:7)
	at com.bridgelabz.Password.&lt;init&gt;(Password.java:7)
	at com.bridgelabz.Password.&lt;init&gt;(Password.java:7)
	at com.bridgelabz.Password.&lt;init&gt;(Password.java:7)
	at com.bridgelabz.Password.&lt;init&gt;(Password.java:7)
	at com.bridgelabz.Password.&lt;init&gt;(Password.java:7)
	at com.bridgelabz.Password.&lt;init&gt;(Password.java:7)
	at com.bridgelabz.Password.&lt;init&gt;(Password.java:7)
	at com.bridgelabz.Password.&lt;init&gt;(Password.java:7)
	at com.bridgelabz.Password.&lt;init&gt;(Password.java:7)
	at com.bridgelabz.Password.&lt;init&gt;(Password.java:7)
	at com.bridgelabz.Password.&lt;init&gt;(Password.java:7)
	at com.bridgelabz.Password.&lt;init&gt;(Password.java:7)
	at com.bridgelabz.Password.&lt;init&gt;(Password.java:7)
	at com.bridgelabz.Password.&lt;init&gt;(Password.java:7)
	at com.bridgelabz.Password.&lt;init&gt;(Password.java:7)
	at com.bridgelabz.Password.&lt;init&gt;(Password.java:7)
	at com.bridgelabz.Password.&lt;init&gt;(Password.java:7)
	at com.bridgelabz.Password.&lt;init&gt;(Password.java:7)
	at com.bridgelabz.Password.&lt;init&gt;(Password.java:7)
	at com.bridgelabz.Password.&lt;init&gt;(Password.java:7)
	at com.bridgelabz.Password.&lt;init&gt;(Password.java:7)
	at com.bridgelabz.Password.&lt;init&gt;(Password.java:7)
	at com.bridgelabz.Password.&lt;init&gt;(Password.java:7)
	at com.bridgelabz.Password.&lt;init&gt;(Password.java:7)
	at com.bridgelabz.Password.&lt;init&gt;(Password.java:7)
	at com.bridgelabz.Password.&lt;init&gt;(Password.java:7)
	at com.bridgelabz.Password.&lt;init&gt;(Password.java:7)
	at com.bridgelabz.Password.&lt;init&gt;(Password.java:7)
	at com.bridgelabz.Password.&lt;init&gt;(Password.java:7)
	at com.bridgelabz.Password.&lt;init&gt;(Password.java:7)
	at com.bridgelabz.Password.&lt;init&gt;(Password.java:7)
	at com.bridgelabz.Password.&lt;init&gt;(Password.java:7)
	at com.bridgelabz.Password.&lt;init&gt;(Password.java:7)
	at com.bridgelabz.Password.&lt;init&gt;(Password.java:7)
	at com.bridgelabz.Password.&lt;init&gt;(Password.java:7)
	at com.bridgelabz.Password.&lt;init&gt;(Password.java:7)
	at com.bridgelabz.Password.&lt;init&gt;(Password.java:7)
	at com.bridgelabz.Password.&lt;init&gt;(Password.java:7)
	at com.bridgelabz.Password.&lt;init&gt;(Password.java:7)
	at com.bridgelabz.Password.&lt;init&gt;(Password.java:7)
	at com.bridgelabz.Password.&lt;init&gt;(Password.java:7)
	at com.bridgelabz.Password.&lt;init&gt;(Password.java:7)
	at com.bridgelabz.Password.&lt;init&gt;(Password.java:7)
	at com.bridgelabz.Password.&lt;init&gt;(Password.java:7)
	at com.bridgelabz.Password.&lt;init&gt;(Password.java:7)
	at com.bridgelabz.Password.&lt;init&gt;(Password.java:7)
	at com.bridgelabz.Password.&lt;init&gt;(Password.java:7)
	at com.bridgelabz.Password.&lt;init&gt;(Password.java:7)
	at com.bridgelabz.Password.&lt;init&gt;(Password.java:7)
	at com.bridgelabz.Password.&lt;init&gt;(Password.java:7)
	at com.bridgelabz.Password.&lt;init&gt;(Password.java:7)
	at com.bridgelabz.Password.&lt;init&gt;(Password.java:7)
	at com.bridgelabz.Password.&lt;init&gt;(Password.java:7)
	at com.bridgelabz.Password.&lt;init&gt;(Password.java:7)
	at com.bridgelabz.Password.&lt;init&gt;(Password.java:7)
	at com.bridgelabz.Password.&lt;init&gt;(Password.java:7)
	at com.bridgelabz.Password.&lt;init&gt;(Password.java:7)
	at com.bridgelabz.Password.&lt;init&gt;(Password.java:7)
	at com.bridgelabz.Password.&lt;init&gt;(Password.java:7)
	at com.bridgelabz.Password.&lt;init&gt;(Password.java:7)
	at com.bridgelabz.Password.&lt;init&gt;(Password.java:7)
	at com.bridgelabz.Password.&lt;init&gt;(Password.java:7)
	at com.bridgelabz.Password.&lt;init&gt;(Password.java:7)
	at com.bridgelabz.Password.&lt;init&gt;(Password.java:7)
	at com.bridgelabz.Password.&lt;init&gt;(Password.java:7)
	at com.bridgelabz.Password.&lt;init&gt;(Password.java:7)
	at com.bridgelabz.Password.&lt;init&gt;(Password.java:7)
	at com.bridgelabz.Password.&lt;init&gt;(Password.java:7)
	at com.bridgelabz.Password.&lt;init&gt;(Password.java:7)
	at com.bridgelabz.Password.&lt;init&gt;(Password.java:7)
	at com.bridgelabz.Password.&lt;init&gt;(Password.java:7)
	at com.bridgelabz.Password.&lt;init&gt;(Password.java:7)
	at com.bridgelabz.Password.&lt;init&gt;(Password.java:7)
	at com.bridgelabz.Password.&lt;init&gt;(Password.java:7)
	at com.bridgelabz.Password.&lt;init&gt;(Password.java:7)
	at com.bridgelabz.Password.&lt;init&gt;(Password.java:7)
	at com.bridgelabz.Password.&lt;init&gt;(Password.java:7)
	at com.bridgelabz.Password.&lt;init&gt;(Password.java:7)
	at com.bridgelabz.Password.&lt;init&gt;(Password.java:7)
	at com.bridgelabz.Password.&lt;init&gt;(Password.java:7)
	at com.bridgelabz.Password.&lt;init&gt;(Password.java:7)
	at com.bridgelabz.Password.&lt;init&gt;(Password.java:7)
	at com.bridgelabz.Password.&lt;init&gt;(Password.java:7)
	at com.bridgelabz.Password.&lt;init&gt;(Password.java:7)
	at com.bridgelabz.Password.&lt;init&gt;(Password.java:7)
	at com.bridgelabz.Password.&lt;init&gt;(Password.java:7)
	at com.bridgelabz.Password.&lt;init&gt;(Password.java:7)
	at com.bridgelabz.Password.&lt;init&gt;(Password.java:7)
	at com.bridgelabz.Password.&lt;init&gt;(Password.java:7)
	at com.bridgelabz.Password.&lt;init&gt;(Password.java:7)
	at com.bridgelabz.Password.&lt;init&gt;(Password.java:7)
	at com.bridgelabz.Password.&lt;init&gt;(Password.java:7)
	at com.bridgelabz.Password.&lt;init&gt;(Password.java:7)
	at com.bridgelabz.Password.&lt;init&gt;(Password.java:7)
	at com.bridgelabz.Password.&lt;init&gt;(Password.java:7)
	at com.bridgelabz.Password.&lt;init&gt;(Password.java:7)
	at com.bridgelabz.Password.&lt;init&gt;(Password.java:7)
	at com.bridgelabz.Password.&lt;init&gt;(Password.java:7)
	at com.bridgelabz.Password.&lt;init&gt;(Password.java:7)
	at com.bridgelabz.Password.&lt;init&gt;(Password.java:7)
	at com.bridgelabz.Password.&lt;init&gt;(Password.java:7)
	at com.bridgelabz.Password.&lt;init&gt;(Password.java:7)
	at com.bridgelabz.Password.&lt;init&gt;(Password.java:7)
	at com.bridgelabz.Password.&lt;init&gt;(Password.java:7)
	at com.bridgelabz.Password.&lt;init&gt;(Password.java:7)
	at com.bridgelabz.Password.&lt;init&gt;(Password.java:7)
	at com.bridgelabz.Password.&lt;init&gt;(Password.java:7)
	at com.bridgelabz.Password.&lt;init&gt;(Password.java:7)
	at com.bridgelabz.Password.&lt;init&gt;(Password.java:7)
	at com.bridgelabz.Password.&lt;init&gt;(Password.java:7)
	at com.bridgelabz.Password.&lt;init&gt;(Password.java:7)
	at com.bridgelabz.Password.&lt;init&gt;(Password.java:7)
	at com.bridgelabz.Password.&lt;init&gt;(Password.java:7)
	at com.bridgelabz.Password.&lt;init&gt;(Password.java:7)
	at com.bridgelabz.Password.&lt;init&gt;(Password.java:7)
	at com.bridgelabz.Password.&lt;init&gt;(Password.java:7)
	at com.bridgelabz.Password.&lt;init&gt;(Password.java:7)
	at com.bridgelabz.Password.&lt;init&gt;(Password.java:7)
	at com.bridgelabz.Password.&lt;init&gt;(Password.java:7)
	at com.bridgelabz.Password.&lt;init&gt;(Password.java:7)
	at com.bridgelabz.Password.&lt;init&gt;(Password.java:7)
	at com.bridgelabz.Password.&lt;init&gt;(Password.java:7)
	at com.bridgelabz.Password.&lt;init&gt;(Password.java:7)
	at com.bridgelabz.Password.&lt;init&gt;(Password.java:7)
	at com.bridgelabz.Password.&lt;init&gt;(Password.java:7)
	at com.bridgelabz.Password.&lt;init&gt;(Password.java:7)
	at com.bridgelabz.Password.&lt;init&gt;(Password.java:7)
	at com.bridgelabz.Password.&lt;init&gt;(Password.java:7)
	at com.bridgelabz.Password.&lt;init&gt;(Password.java:7)
	at com.bridgelabz.Password.&lt;init&gt;(Password.java:7)
	at com.bridgelabz.Password.&lt;init&gt;(Password.java:7)
	at com.bridgelabz.Password.&lt;init&gt;(Password.java:7)
	at com.bridgelabz.Password.&lt;init&gt;(Password.java:7)
	at com.bridgelabz.Password.&lt;init&gt;(Password.java:7)
	at com.bridgelabz.Password.&lt;init&gt;(Password.java:7)
	at com.bridgelabz.Password.&lt;init&gt;(Password.java:7)
	at com.bridgelabz.Password.&lt;init&gt;(Password.java:7)
	at com.bridgelabz.Password.&lt;init&gt;(Password.java:7)
	at com.bridgelabz.Password.&lt;init&gt;(Password.java:7)
	at com.bridgelabz.Password.&lt;init&gt;(Password.java:7)
	at com.bridgelabz.Password.&lt;init&gt;(Password.java:7)
	at com.bridgelabz.Password.&lt;init&gt;(Password.java:7)
	at com.bridgelabz.Password.&lt;init&gt;(Password.java:7)
	at com.bridgelabz.Password.&lt;init&gt;(Password.java:7)
	at com.bridgelabz.Password.&lt;init&gt;(Password.java:7)
	at com.bridgelabz.Password.&lt;init&gt;(Password.java:7)
	at com.bridgelabz.Password.&lt;init&gt;(Password.java:7)
	at com.bridgelabz.Password.&lt;init&gt;(Password.java:7)
	at com.bridgelabz.Password.&lt;init&gt;(Password.java:7)
	at com.bridgelabz.Password.&lt;init&gt;(Password.java:7)
	at com.bridgelabz.Password.&lt;init&gt;(Password.java:7)
	at com.bridgelabz.Password.&lt;init&gt;(Password.java:7)
	at com.bridgelabz.Password.&lt;init&gt;(Password.java:7)
	at com.bridgelabz.Password.&lt;init&gt;(Password.java:7)
	at com.bridgelabz.Password.&lt;init&gt;(Password.java:7)
	at com.bridgelabz.Password.&lt;init&gt;(Password.java:7)
	at com.bridgelabz.Password.&lt;init&gt;(Password.java:7)
	at com.bridgelabz.Password.&lt;init&gt;(Password.java:7)
	at com.bridgelabz.Password.&lt;init&gt;(Password.java:7)
	at com.bridgelabz.Password.&lt;init&gt;(Password.java:7)
	at com.bridgelabz.Password.&lt;init&gt;(Password.java:7)
	at com.bridgelabz.Password.&lt;init&gt;(Password.java:7)
	at com.bridgelabz.Password.&lt;init&gt;(Password.java:7)
	at com.bridgelabz.Password.&lt;init&gt;(Password.java:7)
	at com.bridgelabz.Password.&lt;init&gt;(Password.java:7)
	at com.bridgelabz.Password.&lt;init&gt;(Password.java:7)
	at com.bridgelabz.Password.&lt;init&gt;(Password.java:7)
	at com.bridgelabz.Password.&lt;init&gt;(Password.java:7)
	at com.bridgelabz.Password.&lt;init&gt;(Password.java:7)
	at com.bridgelabz.Password.&lt;init&gt;(Password.java:7)
	at com.bridgelabz.Password.&lt;init&gt;(Password.java:7)
	at com.bridgelabz.Password.&lt;init&gt;(Password.java:7)
	at com.bridgelabz.Password.&lt;init&gt;(Password.java:7)
	at com.bridgelabz.Password.&lt;init&gt;(Password.java:7)
	at com.bridgelabz.Password.&lt;init&gt;(Password.java:7)
	at com.bridgelabz.Password.&lt;init&gt;(Password.java:7)
	at com.bridgelabz.Password.&lt;init&gt;(Password.java:7)
	at com.bridgelabz.Password.&lt;init&gt;(Password.java:7)
	at com.bridgelabz.Password.&lt;init&gt;(Password.java:7)
	at com.bridgelabz.Password.&lt;init&gt;(Password.java:7)
	at com.bridgelabz.Password.&lt;init&gt;(Password.java:7)
	at com.bridgelabz.Password.&lt;init&gt;(Password.java:7)
	at com.bridgelabz.Password.&lt;init&gt;(Password.java:7)
	at com.bridgelabz.Password.&lt;init&gt;(Password.java:7)
	at com.bridgelabz.Password.&lt;init&gt;(Password.java:7)
	at com.bridgelabz.Password.&lt;init&gt;(Password.java:7)
	at com.bridgelabz.Password.&lt;init&gt;(Password.java:7)
	at com.bridgelabz.Password.&lt;init&gt;(Password.java:7)
	at com.bridgelabz.Password.&lt;init&gt;(Password.java:7)
	at com.bridgelabz.Password.&lt;init&gt;(Password.java:7)
	at com.bridgelabz.Password.&lt;init&gt;(Password.java:7)
	at com.bridgelabz.Password.&lt;init&gt;(Password.java:7)
	at com.bridgelabz.Password.&lt;init&gt;(Password.java:7)
	at com.bridgelabz.Password.&lt;init&gt;(Password.java:7)
	at com.bridgelabz.Password.&lt;init&gt;(Password.java:7)
	at com.bridgelabz.Password.&lt;init&gt;(Password.java:7)
	at com.bridgelabz.Password.&lt;init&gt;(Password.java:7)
	at com.bridgelabz.Password.&lt;init&gt;(Password.java:7)
	at com.bridgelabz.Password.&lt;init&gt;(Password.java:7)
	at com.bridgelabz.Password.&lt;init&gt;(Password.java:7)
	at com.bridgelabz.Password.&lt;init&gt;(Password.java:7)
	at com.bridgelabz.Password.&lt;init&gt;(Password.java:7)
	at com.bridgelabz.Password.&lt;init&gt;(Password.java:7)
	at com.bridgelabz.Password.&lt;init&gt;(Password.java:7)
	at com.bridgelabz.Password.&lt;init&gt;(Password.java:7)
	at com.bridgelabz.Password.&lt;init&gt;(Password.java:7)
	at com.bridgelabz.Password.&lt;init&gt;(Password.java:7)
	at com.bridgelabz.Password.&lt;init&gt;(Password.java:7)
	at com.bridgelabz.Password.&lt;init&gt;(Password.java:7)
	at com.bridgelabz.Password.&lt;init&gt;(Password.java:7)
	at com.bridgelabz.Password.&lt;init&gt;(Password.java:7)
	at com.bridgelabz.Password.&lt;init&gt;(Password.java:7)
	at com.bridgelabz.Password.&lt;init&gt;(Password.java:7)
	at com.bridgelabz.Password.&lt;init&gt;(Password.java:7)
	at com.bridgelabz.Password.&lt;init&gt;(Password.java:7)
	at com.bridgelabz.Password.&lt;init&gt;(Password.java:7)
	at com.bridgelabz.Password.&lt;init&gt;(Password.java:7)
	at com.bridgelabz.Password.&lt;init&gt;(Password.java:7)
	at com.bridgelabz.Password.&lt;init&gt;(Password.java:7)
	at com.bridgelabz.Password.&lt;init&gt;(Password.java:7)
	at com.bridgelabz.Password.&lt;init&gt;(Password.java:7)
	at com.bridgelabz.Password.&lt;init&gt;(Password.java:7)
	at com.bridgelabz.Password.&lt;init&gt;(Password.java:7)
	at com.bridgelabz.Password.&lt;init&gt;(Password.java:7)
	at com.bridgelabz.Password.&lt;init&gt;(Password.java:7)
	at com.bridgelabz.Password.&lt;init&gt;(Password.java:7)
	at com.bridgelabz.Password.&lt;init&gt;(Password.java:7)
	at com.bridgelabz.Password.&lt;init&gt;(Password.java:7)
	at com.bridgelabz.Password.&lt;init&gt;(Password.java:7)
	at com.bridgelabz.Password.&lt;init&gt;(Password.java:7)
	at com.bridgelabz.Password.&lt;init&gt;(Password.java:7)
	at com.bridgelabz.Password.&lt;init&gt;(Password.java:7)
	at com.bridgelabz.Password.&lt;init&gt;(Password.java:7)
	at com.bridgelabz.Password.&lt;init&gt;(Password.java:7)
	at com.bridgelabz.Password.&lt;init&gt;(Password.java:7)
	at com.bridgelabz.Password.&lt;init&gt;(Password.java:7)
	at com.bridgelabz.Password.&lt;init&gt;(Password.java:7)
	at com.bridgelabz.Password.&lt;init&gt;(Password.java:7)
	at com.bridgelabz.Password.&lt;init&gt;(Password.java:7)
	at com.bridgelabz.Password.&lt;init&gt;(Password.java:7)
	at com.bridgelabz.Password.&lt;init&gt;(Password.java:7)
	at com.bridgelabz.Password.&lt;init&gt;(Password.java:7)
	at com.bridgelabz.Password.&lt;init&gt;(Password.java:7)
	at com.bridgelabz.Password.&lt;init&gt;(Password.java:7)
	at com.bridgelabz.Password.&lt;init&gt;(Password.java:7)
	at com.bridgelabz.Password.&lt;init&gt;(Password.java:7)
	at com.bridgelabz.Password.&lt;init&gt;(Password.java:7)
	at com.bridgelabz.Password.&lt;init&gt;(Password.java:7)
	at com.bridgelabz.Password.&lt;init&gt;(Password.java:7)
	at com.bridgelabz.Password.&lt;init&gt;(Password.java:7)
	at com.bridgelabz.Password.&lt;init&gt;(Password.java:7)
	at com.bridgelabz.Password.&lt;init&gt;(Password.java:7)
	at com.bridgelabz.Password.&lt;init&gt;(Password.java:7)
	at com.bridgelabz.Password.&lt;init&gt;(Password.java:7)
	at com.bridgelabz.Password.&lt;init&gt;(Password.java:7)
	at com.bridgelabz.Password.&lt;init&gt;(Password.java:7)
	at com.bridgelabz.Password.&lt;init&gt;(Password.java:7)
	at com.bridgelabz.Password.&lt;init&gt;(Password.java:7)
	at com.bridgelabz.Password.&lt;init&gt;(Password.java:7)
	at com.bridgelabz.Password.&lt;init&gt;(Password.java:7)
	at com.bridgelabz.Password.&lt;init&gt;(Password.java:7)
	at com.bridgelabz.Password.&lt;init&gt;(Password.java:7)
	at com.bridgelabz.Password.&lt;init&gt;(Password.java:7)
	at com.bridgelabz.Password.&lt;init&gt;(Password.java:7)
	at com.bridgelabz.Password.&lt;init&gt;(Password.java:7)
	at com.bridgelabz.Password.&lt;init&gt;(Password.java:7)
	at com.bridgelabz.Password.&lt;init&gt;(Password.java:7)
	at com.bridgelabz.Password.&lt;init&gt;(Password.java:7)
	at com.bridgelabz.Password.&lt;init&gt;(Password.java:7)
	at com.bridgelabz.Password.&lt;init&gt;(Password.java:7)
	at com.bridgelabz.Password.&lt;init&gt;(Password.java:7)
	at com.bridgelabz.Password.&lt;init&gt;(Password.java:7)
	at com.bridgelabz.Password.&lt;init&gt;(Password.java:7)
	at com.bridgelabz.Password.&lt;init&gt;(Password.java:7)
	at com.bridgelabz.Password.&lt;init&gt;(Password.java:7)
	at com.bridgelabz.Password.&lt;init&gt;(Password.java:7)
	at com.bridgelabz.Password.&lt;init&gt;(Password.java:7)
	at com.bridgelabz.Password.&lt;init&gt;(Password.java:7)
	at com.bridgelabz.Password.&lt;init&gt;(Password.java:7)
	at com.bridgelabz.Password.&lt;init&gt;(Password.java:7)
	at com.bridgelabz.Password.&lt;init&gt;(Password.java:7)
	at com.bridgelabz.Password.&lt;init&gt;(Password.java:7)
	at com.bridgelabz.Password.&lt;init&gt;(Password.java:7)
	at com.bridgelabz.Password.&lt;init&gt;(Password.java:7)
	at com.bridgelabz.Password.&lt;init&gt;(Password.java:7)
	at com.bridgelabz.Password.&lt;init&gt;(Password.java:7)
	at com.bridgelabz.Password.&lt;init&gt;(Password.java:7)
	at com.bridgelabz.Password.&lt;init&gt;(Password.java:7)
	at com.bridgelabz.Password.&lt;init&gt;(Password.java:7)
	at com.bridgelabz.Password.&lt;init&gt;(Password.java:7)
	at com.bridgelabz.Password.&lt;init&gt;(Password.java:7)
	at com.bridgelabz.Password.&lt;init&gt;(Password.java:7)
	at com.bridgelabz.Password.&lt;init&gt;(Password.java:7)
	at com.bridgelabz.Password.&lt;init&gt;(Password.java:7)
	at com.bridgelabz.Password.&lt;init&gt;(Password.java:7)
	at com.bridgelabz.Password.&lt;init&gt;(Password.java:7)
	at com.bridgelabz.Password.&lt;init&gt;(Password.java:7)
	at com.bridgelabz.Password.&lt;init&gt;(Password.java:7)
	at com.bridgelabz.Password.&lt;init&gt;(Password.java:7)
	at com.bridgelabz.Password.&lt;init&gt;(Password.java:7)
	at com.bridgelabz.Password.&lt;init&gt;(Password.java:7)
	at com.bridgelabz.Password.&lt;init&gt;(Password.java:7)
	at com.bridgelabz.Password.&lt;init&gt;(Password.java:7)
	at com.bridgelabz.Password.&lt;init&gt;(Password.java:7)
	at com.bridgelabz.Password.&lt;init&gt;(Password.java:7)
	at com.bridgelabz.Password.&lt;init&gt;(Password.java:7)
	at com.bridgelabz.Password.&lt;init&gt;(Password.java:7)
	at com.bridgelabz.Password.&lt;init&gt;(Password.java:7)
	at com.bridgelabz.Password.&lt;init&gt;(Password.java:7)
	at com.bridgelabz.Password.&lt;init&gt;(Password.java:7)
	at com.bridgelabz.Password.&lt;init&gt;(Password.java:7)
	at com.bridgelabz.Password.&lt;init&gt;(Password.java:7)
	at com.bridgelabz.Password.&lt;init&gt;(Password.java:7)
	at com.bridgelabz.Password.&lt;init&gt;(Password.java:7)
	at com.bridgelabz.Password.&lt;init&gt;(Password.java:7)
	at com.bridgelabz.Password.&lt;init&gt;(Password.java:7)
	at com.bridgelabz.Password.&lt;init&gt;(Password.java:7)
	at com.bridgelabz.Password.&lt;init&gt;(Password.java:7)
	at com.bridgelabz.Password.&lt;init&gt;(Password.java:7)
	at com.bridgelabz.Password.&lt;init&gt;(Password.java:7)
	at com.bridgelabz.Password.&lt;init&gt;(Password.java:7)
	at com.bridgelabz.Password.&lt;init&gt;(Password.java:7)
	at com.bridgelabz.Password.&lt;init&gt;(Password.java:7)
	at com.bridgelabz.Password.&lt;init&gt;(Password.java:7)
	at com.bridgelabz.Password.&lt;init&gt;(Password.java:7)
	at com.bridgelabz.Password.&lt;init&gt;(Password.java:7)
	at com.bridgelabz.Password.&lt;init&gt;(Password.java:7)
	at com.bridgelabz.Password.&lt;init&gt;(Password.java:7)
	at com.bridgelabz.Password.&lt;init&gt;(Password.java:7)
	at com.bridgelabz.Password.&lt;init&gt;(Password.java:7)
	at com.bridgelabz.Password.&lt;init&gt;(Password.java:7)
	at com.bridgelabz.Password.&lt;init&gt;(Password.java:7)
	at com.bridgelabz.Password.&lt;init&gt;(Password.java:7)
	at com.bridgelabz.Password.&lt;init&gt;(Password.java:7)
	at com.bridgelabz.Password.&lt;init&gt;(Password.java:7)
	at com.bridgelabz.Password.&lt;init&gt;(Password.java:7)
	at com.bridgelabz.Password.&lt;init&gt;(Password.java:7)
	at com.bridgelabz.Password.&lt;init&gt;(Password.java:7)
	at com.bridgelabz.Password.&lt;init&gt;(Password.java:7)
	at com.bridgelabz.Password.&lt;init&gt;(Password.java:7)
	at com.bridgelabz.Password.&lt;init&gt;(Password.java:7)
	at com.bridgelabz.Password.&lt;init&gt;(Password.java:7)
	at com.bridgelabz.Password.&lt;init&gt;(Password.java:7)
	at com.bridgelabz.Password.&lt;init&gt;(Password.java:7)
	at com.bridgelabz.Password.&lt;init&gt;(Password.java:7)
	at com.bridgelabz.Password.&lt;init&gt;(Password.java:7)
	at com.bridgelabz.Password.&lt;init&gt;(Password.java:7)
	at com.bridgelabz.Password.&lt;init&gt;(Password.java:7)
	at com.bridgelabz.Password.&lt;init&gt;(Password.java:7)
	at com.bridgelabz.Password.&lt;init&gt;(Password.java:7)
	at com.bridgelabz.Password.&lt;init&gt;(Password.java:7)
	at com.bridgelabz.Password.&lt;init&gt;(Password.java:7)
	at com.bridgelabz.Password.&lt;init&gt;(Password.java:7)
	at com.bridgelabz.Password.&lt;init&gt;(Password.java:7)
	at com.bridgelabz.Password.&lt;init&gt;(Password.java:7)
	at com.bridgelabz.Password.&lt;init&gt;(Password.java:7)
	at com.bridgelabz.Password.&lt;init&gt;(Password.java:7)
	at com.bridgelabz.Password.&lt;init&gt;(Password.java:7)
	at com.bridgelabz.Password.&lt;init&gt;(Password.java:7)
	at com.bridgelabz.Password.&lt;init&gt;(Password.java:7)
	at com.bridgelabz.Password.&lt;init&gt;(Password.java:7)
	at com.bridgelabz.Password.&lt;init&gt;(Password.java:7)
	at com.bridgelabz.Password.&lt;init&gt;(Password.java:7)
	at com.bridgelabz.Password.&lt;init&gt;(Password.java:7)
	at com.bridgelabz.Password.&lt;init&gt;(Password.java:7)
	at com.bridgelabz.Password.&lt;init&gt;(Password.java:7)
	at com.bridgelabz.Password.&lt;init&gt;(Password.java:7)
	at com.bridgelabz.Password.&lt;init&gt;(Password.java:7)
	at com.bridgelabz.Password.&lt;init&gt;(Password.java:7)
	at com.bridgelabz.Password.&lt;init&gt;(Password.java:7)
	at com.bridgelabz.Password.&lt;init&gt;(Password.java:7)
	at com.bridgelabz.Password.&lt;init&gt;(Password.java:7)
	at com.bridgelabz.Password.&lt;init&gt;(Password.java:7)
	at com.bridgelabz.Password.&lt;init&gt;(Password.java:7)
	at com.bridgelabz.Password.&lt;init&gt;(Password.java:7)
	at com.bridgelabz.Password.&lt;init&gt;(Password.java:7)
	at com.bridgelabz.Password.&lt;init&gt;(Password.java:7)
	at com.bridgelabz.Password.&lt;init&gt;(Password.java:7)
	at com.bridgelabz.Password.&lt;init&gt;(Password.java:7)
	at com.bridgelabz.Password.&lt;init&gt;(Password.java:7)
	at com.bridgelabz.Password.&lt;init&gt;(Password.java:7)
	at com.bridgelabz.Password.&lt;init&gt;(Password.java:7)
	at com.bridgelabz.Password.&lt;init&gt;(Password.java:7)
	at com.bridgelabz.Password.&lt;init&gt;(Password.java:7)
	at com.bridgelabz.Password.&lt;init&gt;(Password.java:7)
	at com.bridgelabz.Password.&lt;init&gt;(Password.java:7)
	at com.bridgelabz.Password.&lt;init&gt;(Password.java:7)
	at com.bridgelabz.Password.&lt;init&gt;(Password.java:7)
	at com.bridgelabz.Password.&lt;init&gt;(Password.java:7)
	at com.bridgelabz.Password.&lt;init&gt;(Password.java:7)
	at com.bridgelabz.Password.&lt;init&gt;(Password.java:7)
	at com.bridgelabz.Password.&lt;init&gt;(Password.java:7)
	at com.bridgelabz.Password.&lt;init&gt;(Password.java:7)
	at com.bridgelabz.Password.&lt;init&gt;(Password.java:7)
	at com.bridgelabz.Password.&lt;init&gt;(Password.java:7)
	at com.bridgelabz.Password.&lt;init&gt;(Password.java:7)
	at com.bridgelabz.Password.&lt;init&gt;(Password.java:7)
	at com.bridgelabz.Password.&lt;init&gt;(Password.java:7)
	at com.bridgelabz.Password.&lt;init&gt;(Password.java:7)
	at com.bridgelabz.Password.&lt;init&gt;(Password.java:7)
	at com.bridgelabz.Password.&lt;init&gt;(Password.java:7)
	at com.bridgelabz.Password.&lt;init&gt;(Password.java:7)
	at com.bridgelabz.Password.&lt;init&gt;(Password.java:7)
	at com.bridgelabz.Password.&lt;init&gt;(Password.java:7)
	at com.bridgelabz.Password.&lt;init&gt;(Password.java:7)
	at com.bridgelabz.Password.&lt;init&gt;(Password.java:7)
	at com.bridgelabz.Password.&lt;init&gt;(Password.java:7)
	at com.bridgelabz.Password.&lt;init&gt;(Password.java:7)
	at com.bridgelabz.Password.&lt;init&gt;(Password.java:7)
	at com.bridgelabz.Password.&lt;init&gt;(Password.java:7)
	at com.bridgelabz.Password.&lt;init&gt;(Password.java:7)
	at com.bridgelabz.Password.&lt;init&gt;(Password.java:7)
	at com.bridgelabz.Password.&lt;init&gt;(Password.java:7)
	at com.bridgelabz.Password.&lt;init&gt;(Password.java:7)
	at com.bridgelabz.Password.&lt;init&gt;(Password.java:7)
	at com.bridgelabz.Password.&lt;init&gt;(Password.java:7)
	at com.bridgelabz.Password.&lt;init&gt;(Password.java:7)
	at com.bridgelabz.Password.&lt;init&gt;(Password.java:7)
	at com.bridgelabz.Password.&lt;init&gt;(Password.java:7)
	at com.bridgelabz.Password.&lt;init&gt;(Password.java:7)
	at com.bridgelabz.Password.&lt;init&gt;(Password.java:7)
	at com.bridgelabz.Password.&lt;init&gt;(Password.java:7)
	at com.bridgelabz.Password.&lt;init&gt;(Password.java:7)
	at com.bridgelabz.Password.&lt;init&gt;(Password.java:7)
	at com.bridgelabz.Password.&lt;init&gt;(Password.java:7)
	at com.bridgelabz.Password.&lt;init&gt;(Password.java:7)
	at com.bridgelabz.Password.&lt;init&gt;(Password.java:7)
	at com.bridgelabz.Password.&lt;init&gt;(Password.java:7)
	at com.bridgelabz.Password.&lt;init&gt;(Password.java:7)
	at com.bridgelabz.Password.&lt;init&gt;(Password.java:7)
	at com.bridgelabz.Password.&lt;init&gt;(Password.java:7)
	at com.bridgelabz.Password.&lt;init&gt;(Password.java:7)
	at com.bridgelabz.Password.&lt;init&gt;(Password.java:7)
	at com.bridgelabz.Password.&lt;init&gt;(Password.java:7)
	at com.bridgelabz.Password.&lt;init&gt;(Password.java:7)
	at com.bridgelabz.Password.&lt;init&gt;(Password.java:7)
	at com.bridgelabz.Password.&lt;init&gt;(Password.java:7)
	at com.bridgelabz.Password.&lt;init&gt;(Password.java:7)
	at com.bridgelabz.Password.&lt;init&gt;(Password.java:7)
	at com.bridgelabz.Password.&lt;init&gt;(Password.java:7)
	at com.bridgelabz.Password.&lt;init&gt;(Password.java:7)
	at com.bridgelabz.Password.&lt;init&gt;(Password.java:7)
	at com.bridgelabz.Password.&lt;init&gt;(Password.java:7)
	at com.bridgelabz.Password.&lt;init&gt;(Password.java:7)
	at com.bridgelabz.Password.&lt;init&gt;(Password.java:7)
	at com.bridgelabz.Password.&lt;init&gt;(Password.java:7)
	at com.bridgelabz.Password.&lt;init&gt;(Password.java:7)
	at com.bridgelabz.Password.&lt;init&gt;(Password.java:7)
	at com.bridgelabz.Password.&lt;init&gt;(Password.java:7)
	at com.bridgelabz.Password.&lt;init&gt;(Password.java:7)
	at com.bridgelabz.Password.&lt;init&gt;(Password.java:7)
	at com.bridgelabz.Password.&lt;init&gt;(Password.java:7)
	at com.bridgelabz.Password.&lt;init&gt;(Password.java:7)
	at com.bridgelabz.Password.&lt;init&gt;(Password.java:7)
	at com.bridgelabz.Password.&lt;init&gt;(Password.java:7)
	at com.bridgelabz.Password.&lt;init&gt;(Password.java:7)
	at com.bridgelabz.Password.&lt;init&gt;(Password.java:7)
	at com.bridgelabz.Password.&lt;init&gt;(Password.java:7)
	at com.bridgelabz.Password.&lt;init&gt;(Password.java:7)
	at com.bridgelabz.Password.&lt;init&gt;(Password.java:7)
	at com.bridgelabz.Password.&lt;init&gt;(Password.java:7)
	at com.bridgelabz.Password.&lt;init&gt;(Password.java:7)
	at com.bridgelabz.Password.&lt;init&gt;(Password.java:7)
	at com.bridgelabz.Password.&lt;init&gt;(Password.java:7)
	at com.bridgelabz.Password.&lt;init&gt;(Password.java:7)
	at com.bridgelabz.Password.&lt;init&gt;(Password.java:7)
	at com.bridgelabz.Password.&lt;init&gt;(Password.java:7)
	at com.bridgelabz.Password.&lt;init&gt;(Password.java:7)
	at com.bridgelabz.Password.&lt;init&gt;(Password.java:7)
	at com.bridgelabz.Password.&lt;init&gt;(Password.java:7)
	at com.bridgelabz.Password.&lt;init&gt;(Password.java:7)
	at com.bridgelabz.Password.&lt;init&gt;(Password.java:7)
	at com.bridgelabz.Password.&lt;init&gt;(Password.java:7)
	at com.bridgelabz.Password.&lt;init&gt;(Password.java:7)
	at com.bridgelabz.Password.&lt;init&gt;(Password.java:7)
	at com.bridgelabz.Password.&lt;init&gt;(Password.java:7)
	at com.bridgelabz.Password.&lt;init&gt;(Password.java:7)
	at com.bridgelabz.Password.&lt;init&gt;(Password.java:7)
	at com.bridgelabz.Password.&lt;init&gt;(Password.java:7)
	at com.bridgelabz.Password.&lt;init&gt;(Password.java:7)
	at com.bridgelabz.Password.&lt;init&gt;(Password.java:7)
	at com.bridgelabz.Password.&lt;init&gt;(Password.java:7)
	at com.bridgelabz.Password.&lt;init&gt;(Password.java:7)
	at com.bridgelabz.Password.&lt;init&gt;(Password.java:7)
	at com.bridgelabz.Password.&lt;init&gt;(Password.java:7)
	at com.bridgelabz.Password.&lt;init&gt;(Password.java:7)
	at com.bridgelabz.Password.&lt;init&gt;(Password.java:7)
	at com.bridgelabz.Password.&lt;init&gt;(Password.java:7)
	at com.bridgelabz.Password.&lt;init&gt;(Password.java:7)
	at com.bridgelabz.Password.&lt;init&gt;(Password.java:7)
	at com.bridgelabz.Password.&lt;init&gt;(Password.java:7)
	at com.bridgelabz.Password.&lt;init&gt;(Password.java:7)
	at com.bridgelabz.Password.&lt;init&gt;(Password.java:7)
	at com.bridgelabz.Password.&lt;init&gt;(Password.java:7)
	at com.bridgelabz.Password.&lt;init&gt;(Password.java:7)
	at com.bridgelabz.Password.&lt;init&gt;(Password.java:7)
	at com.bridgelabz.Password.&lt;init&gt;(Password.java:7)
	at com.bridgelabz.Password.&lt;init&gt;(Password.java:7)
	at com.bridgelabz.Password.&lt;init&gt;(Password.java:7)
	at com.bridgelabz.Password.&lt;init&gt;(Password.java:7)
	at com.bridgelabz.Password.&lt;init&gt;(Password.java:7)
	at com.bridgelabz.Password.&lt;init&gt;(Password.java:7)
	at com.bridgelabz.Password.&lt;init&gt;(Password.java:7)
	at com.bridgelabz.Password.&lt;init&gt;(Password.java:7)
	at com.bridgelabz.Password.&lt;init&gt;(Password.java:7)
	at com.bridgelabz.Password.&lt;init&gt;(Password.java:7)
	at com.bridgelabz.Password.&lt;init&gt;(Password.java:7)
	at com.bridgelabz.Password.&lt;init&gt;(Password.java:7)
	at com.bridgelabz.Password.&lt;init&gt;(Password.java:7)
	at com.bridgelabz.Password.&lt;init&gt;(Password.java:7)
	at com.bridgelabz.Password.&lt;init&gt;(Password.java:7)
	at com.bridgelabz.Password.&lt;init&gt;(Password.java:7)
	at com.bridgelabz.Password.&lt;init&gt;(Password.java:7)
	at com.bridgelabz.Password.&lt;init&gt;(Password.java:7)
	at com.bridgelabz.Password.&lt;init&gt;(Password.java:7)
	at com.bridgelabz.Password.&lt;init&gt;(Password.java:7)
	at com.bridgelabz.Password.&lt;init&gt;(Password.java:7)
	at com.bridgelabz.Password.&lt;init&gt;(Password.java:7)
	at com.bridgelabz.Password.&lt;init&gt;(Password.java:7)
	at com.bridgelabz.Password.&lt;init&gt;(Password.java:7)
	at com.bridgelabz.Password.&lt;init&gt;(Password.java:7)
	at com.bridgelabz.Password.&lt;init&gt;(Password.java:7)
	at com.bridgelabz.Password.&lt;init&gt;(Password.java:7)
	at com.bridgelabz.Password.&lt;init&gt;(Password.java:7)
	at com.bridgelabz.Password.&lt;init&gt;(Password.java:7)
	at com.bridgelabz.Password.&lt;init&gt;(Password.java:7)
	at com.bridgelabz.Password.&lt;init&gt;(Password.java:7)
	at com.bridgelabz.Password.&lt;init&gt;(Password.java:7)
	at com.bridgelabz.Password.&lt;init&gt;(Password.java:7)
	at com.bridgelabz.Password.&lt;init&gt;(Password.java:7)
	at com.bridgelabz.Password.&lt;init&gt;(Password.java:7)
	at com.bridgelabz.Password.&lt;init&gt;(Password.java:7)
	at com.bridgelabz.Password.&lt;init&gt;(Password.java:7)
	at com.bridgelabz.Password.&lt;init&gt;(Password.java:7)
	at com.bridgelabz.Password.&lt;init&gt;(Password.java:7)
	at com.bridgelabz.Password.&lt;init&gt;(Password.java:7)
	at com.bridgelabz.Password.&lt;init&gt;(Password.java:7)
	at com.bridgelabz.Password.&lt;init&gt;(Password.java:7)
	at com.bridgelabz.Password.&lt;init&gt;(Password.java:7)
	at com.bridgelabz.Password.&lt;init&gt;(Password.java:7)
	at com.bridgelabz.Password.&lt;init&gt;(Password.java:7)
	at com.bridgelabz.Password.&lt;init&gt;(Password.java:7)
	at com.bridgelabz.Password.&lt;init&gt;(Password.java:7)
	at com.bridgelabz.Password.&lt;init&gt;(Password.java:7)
	at com.bridgelabz.Password.&lt;init&gt;(Password.java:7)
	at com.bridgelabz.Password.&lt;init&gt;(Password.java:7)
	at com.bridgelabz.Password.&lt;init&gt;(Password.java:7)
	at com.bridgelabz.Password.&lt;init&gt;(Password.java:7)
	at com.bridgelabz.Password.&lt;init&gt;(Password.java:7)
	at com.bridgelabz.Password.&lt;init&gt;(Password.java:7)
	at com.bridgelabz.Password.&lt;init&gt;(Password.java:7)
	at com.bridgelabz.Password.&lt;init&gt;(Password.java:7)
	at com.bridgelabz.Password.&lt;init&gt;(Password.java:7)
	at com.bridgelabz.Password.&lt;init&gt;(Password.java:7)
	at com.bridgelabz.Password.&lt;init&gt;(Password.java:7)
	at com.bridgelabz.Password.&lt;init&gt;(Password.java:7)
	at com.bridgelabz.Password.&lt;init&gt;(Password.java:7)
	at com.bridgelabz.Password.&lt;init&gt;(Password.java:7)
	at com.bridgelabz.Password.&lt;init&gt;(Password.java:7)
	at com.bridgelabz.Password.&lt;init&gt;(Password.java:7)
	at com.bridgelabz.Password.&lt;init&gt;(Password.java:7)
	at com.bridgelabz.Password.&lt;init&gt;(Password.java:7)
	at com.bridgelabz.Password.&lt;init&gt;(Password.java:7)
	at com.bridgelabz.Password.&lt;init&gt;(Password.java:7)
	at com.bridgelabz.Password.&lt;init&gt;(Password.java:7)
	at com.bridgelabz.Password.&lt;init&gt;(Password.java:7)
	at com.bridgelabz.Password.&lt;init&gt;(Password.java:7)
	at com.bridgelabz.Password.&lt;init&gt;(Password.java:7)
	at com.bridgelabz.Password.&lt;init&gt;(Password.java:7)
	at com.bridgelabz.Password.&lt;init&gt;(Password.java:7)
	at com.bridgelabz.Password.&lt;init&gt;(Password.java:7)
	at com.bridgelabz.Password.&lt;init&gt;(Password.java:7)
	at com.bridgelabz.Password.&lt;init&gt;(Password.java:7)
	at com.bridgelabz.Password.&lt;init&gt;(Password.java:7)
	at com.bridgelabz.Password.&lt;init&gt;(Password.java:7)
	at com.bridgelabz.Password.&lt;init&gt;(Password.java:7)
	at com.bridgelabz.Password.&lt;init&gt;(Password.java:7)
	at com.bridgelabz.Password.&lt;init&gt;(Password.java:7)
	at com.bridgelabz.Password.&lt;init&gt;(Password.java:7)
	at com.bridgelabz.Password.&lt;init&gt;(Password.java:7)
	at com.bridgelabz.Password.&lt;init&gt;(Password.java:7)
	at com.bridgelabz.Password.&lt;init&gt;(Password.java:7)
	at com.bridgelabz.Password.&lt;init&gt;(Password.java:7)
	at com.bridgelabz.Password.&lt;init&gt;(Password.java:7)
	at com.bridgelabz.Password.&lt;init&gt;(Password.java:7)
	at com.bridgelabz.Password.&lt;init&gt;(Password.java:7)
	at com.bridgelabz.Password.&lt;init&gt;(Password.java:7)
	at com.bridgelabz.Password.&lt;init&gt;(Password.java:7)
	at com.bridgelabz.Password.&lt;init&gt;(Password.java:7)
	at com.bridgelabz.Password.&lt;init&gt;(Password.java:7)
	at com.bridgelabz.Password.&lt;init&gt;(Password.java:7)
	at com.bridgelabz.Password.&lt;init&gt;(Password.java:7)
	at com.bridgelabz.Password.&lt;init&gt;(Password.java:7)
	at com.bridgelabz.Password.&lt;init&gt;(Password.java:7)
	at com.bridgelabz.Password.&lt;init&gt;(Password.java:7)
	at com.bridgelabz.Password.&lt;init&gt;(Password.java:7)
	at com.bridgelabz.Password.&lt;init&gt;(Password.java:7)
	at com.bridgelabz.Password.&lt;init&gt;(Password.java:7)
	at com.bridgelabz.Password.&lt;init&gt;(Password.java:7)
	at com.bridgelabz.Password.&lt;init&gt;(Password.java:7)
	at com.bridgelabz.Password.&lt;init&gt;(Password.java:7)
	at com.bridgelabz.Password.&lt;init&gt;(Password.java:7)
	at com.bridgelabz.Password.&lt;init&gt;(Password.java:7)
	at com.bridgelabz.Password.&lt;init&gt;(Password.java:7)
	at com.bridgelabz.Password.&lt;init&gt;(Password.java:7)
	at com.bridgelabz.Password.&lt;init&gt;(Password.java:7)
	at com.bridgelabz.Password.&lt;init&gt;(Password.java:7)
	at com.bridgelabz.Password.&lt;init&gt;(Password.java:7)
	at com.bridgelabz.Password.&lt;init&gt;(Password.java:7)
	at com.bridgelabz.Password.&lt;init&gt;(Password.java:7)
	at com.bridgelabz.Password.&lt;init&gt;(Password.java:7)
	at com.bridgelabz.Password.&lt;init&gt;(Password.java:7)
	at com.bridgelabz.Password.&lt;init&gt;(Password.java:7)
	at com.bridgelabz.Password.&lt;init&gt;(Password.java:7)
	at com.bridgelabz.Password.&lt;init&gt;(Password.java:7)
	at com.bridgelabz.Password.&lt;init&gt;(Password.java:7)
	at com.bridgelabz.Password.&lt;init&gt;(Password.java:7)
	at com.bridgelabz.Password.&lt;init&gt;(Password.java:7)
	at com.bridgelabz.Password.&lt;init&gt;(Password.java:7)
	at com.bridgelabz.Password.&lt;init&gt;(Password.java:7)
	at com.bridgelabz.Password.&lt;init&gt;(Password.java:7)
	at com.bridgelabz.Password.&lt;init&gt;(Password.java:7)
	at com.bridgelabz.Password.&lt;init&gt;(Password.java:7)
	at com.bridgelabz.Password.&lt;init&gt;(Password.java:7)
	at com.bridgelabz.Password.&lt;init&gt;(Password.java:7)
	at com.bridgelabz.Password.&lt;init&gt;(Password.java:7)
	at com.bridgelabz.Password.&lt;init&gt;(Password.java:7)
	at com.bridgelabz.Password.&lt;init&gt;(Password.java:7)
	at com.bridgelabz.Password.&lt;init&gt;(Password.java:7)
	at com.bridgelabz.Password.&lt;init&gt;(Password.java:7)
	at com.bridgelabz.Password.&lt;init&gt;(Password.java:7)
	at com.bridgelabz.Password.&lt;init&gt;(Password.java:7)
	at com.bridgelabz.Password.&lt;init&gt;(Password.java:7)
	at com.bridgelabz.Password.&lt;init&gt;(Password.java:7)
	at com.bridgelabz.Password.&lt;init&gt;(Password.java:7)
	at com.bridgelabz.Password.&lt;init&gt;(Password.java:7)
	at com.bridgelabz.Password.&lt;init&gt;(Password.java:7)
	at com.bridgelabz.Password.&lt;init&gt;(Password.java:7)
	at com.bridgelabz.Password.&lt;init&gt;(Password.java:7)
	at com.bridgelabz.Password.&lt;init&gt;(Password.java:7)
	at com.bridgelabz.Password.&lt;init&gt;(Password.java:7)
	at com.bridgelabz.Password.&lt;init&gt;(Password.java:7)
	at com.bridgelabz.Password.&lt;init&gt;(Password.java:7)
	at com.bridgelabz.Password.&lt;init&gt;(Password.java:7)
	at com.bridgelabz.Password.&lt;init&gt;(Password.java:7)
	at com.bridgelabz.Password.&lt;init&gt;(Password.java:7)
	at com.bridgelabz.Password.&lt;init&gt;(Password.java:7)
	at com.bridgelabz.Password.&lt;init&gt;(Password.java:7)
	at com.bridgelabz.Password.&lt;init&gt;(Password.java:7)
	at com.bridgelabz.Password.&lt;init&gt;(Password.java:7)
	at com.bridgelabz.Password.&lt;init&gt;(Password.java:7)
	at com.bridgelabz.Password.&lt;init&gt;(Password.java:7)
	at com.bridgelabz.Password.&lt;init&gt;(Password.java:7)
	at com.bridgelabz.Password.&lt;init&gt;(Password.java:7)
	at com.bridgelabz.Password.&lt;init&gt;(Password.java:7)
	at com.bridgelabz.Password.&lt;init&gt;(Password.java:7)
	at com.bridgelabz.Password.&lt;init&gt;(Password.java:7)
	at com.bridgelabz.Password.&lt;init&gt;(Password.java:7)
	at com.bridgelabz.Password.&lt;init&gt;(Password.java:7)
	at com.bridgelabz.Password.&lt;init&gt;(Password.java:7)
	at com.bridgelabz.Password.&lt;init&gt;(Password.java:7)
	at com.bridgelabz.Password.&lt;init&gt;(Password.java:7)
	at com.bridgelabz.Password.&lt;init&gt;(Password.java:7)
	at com.bridgelabz.Password.&lt;init&gt;(Password.java:7)
	at com.bridgelabz.Password.&lt;init&gt;(Password.java:7)
	at com.bridgelabz.Password.&lt;init&gt;(Password.java:7)
	at com.bridgelabz.Password.&lt;init&gt;(Password.java:7)
	at com.bridgelabz.Password.&lt;init&gt;(Password.java:7)
	at com.bridgelabz.Password.&lt;init&gt;(Password.java:7)
	at com.bridgelabz.Password.&lt;init&gt;(Password.java:7)
	at com.bridgelabz.Password.&lt;init&gt;(Password.java:7)
	at com.bridgelabz.Password.&lt;init&gt;(Password.java:7)
	at com.bridgelabz.Password.&lt;init&gt;(Password.java:7)
	at com.bridgelabz.Password.&lt;init&gt;(Password.java:7)
	at com.bridgelabz.Password.&lt;init&gt;(Password.java:7)
	at com.bridgelabz.Password.&lt;init&gt;(Password.java:7)
	at com.bridgelabz.Password.&lt;init&gt;(Password.java:7)
	at com.bridgelabz.Password.&lt;init&gt;(Password.java:7)
	at com.bridgelabz.Password.&lt;init&gt;(Password.java:7)
	at com.bridgelabz.Password.&lt;init&gt;(Password.java:7)
	at com.bridgelabz.Password.&lt;init&gt;(Password.java:7)
	at com.bridgelabz.Password.&lt;init&gt;(Password.java:7)
	at com.bridgelabz.Password.&lt;init&gt;(Password.java:7)
	at com.bridgelabz.Password.&lt;init&gt;(Password.java:7)
	at com.bridgelabz.Password.&lt;init&gt;(Password.java:7)
	at com.bridgelabz.Password.&lt;init&gt;(Password.java:7)
	at com.bridgelabz.Password.&lt;init&gt;(Password.java:7)
	at com.bridgelabz.Password.&lt;init&gt;(Password.java:7)
	at com.bridgelabz.Password.&lt;init&gt;(Password.java:7)
	at com.bridgelabz.Password.&lt;init&gt;(Password.java:7)
	at com.bridgelabz.Password.&lt;init&gt;(Password.java:7)
	at com.bridgelabz.Password.&lt;init&gt;(Password.java:7)
	at com.bridgelabz.Password.&lt;init&gt;(Password.java:7)
	at com.bridgelabz.Password.&lt;init&gt;(Password.java:7)
	at com.bridgelabz.Password.&lt;init&gt;(Password.java:7)
	at com.bridgelabz.Password.&lt;init&gt;(Password.java:7)
	at com.bridgelabz.Password.&lt;init&gt;(Password.java:7)
	at com.bridgelabz.Password.&lt;init&gt;(Password.java:7)
	at com.bridgelabz.Password.&lt;init&gt;(Password.java:7)
	at com.bridgelabz.Password.&lt;init&gt;(Password.java:7)
	at com.bridgelabz.Password.&lt;init&gt;(Password.java:7)
	at com.bridgelabz.Password.&lt;init&gt;(Password.java:7)
	at com.bridgelabz.Password.&lt;init&gt;(Password.java:7)
	at com.bridgelabz.Password.&lt;init&gt;(Password.java:7)
	at com.bridgelabz.Password.&lt;init&gt;(Password.java:7)
	at com.bridgelabz.Password.&lt;init&gt;(Password.java:7)
	at com.bridgelabz.Password.&lt;init&gt;(Password.java:7)
	at com.bridgelabz.Password.&lt;init&gt;(Password.java:7)
	at com.bridgelabz.Password.&lt;init&gt;(Password.java:7)
	at com.bridgelabz.Password.&lt;init&gt;(Password.java:7)
	at com.bridgelabz.Password.&lt;init&gt;(Password.java:7)
	at com.bridgelabz.Password.&lt;init&gt;(Password.java:7)
	at com.bridgelabz.Password.&lt;init&gt;(Password.java:7)
	at com.bridgelabz.Password.&lt;init&gt;(Password.java:7)
	at com.bridgelabz.Password.&lt;init&gt;(Password.java:7)
	at com.bridgelabz.Password.&lt;init&gt;(Password.java:7)
	at com.bridgelabz.Password.&lt;init&gt;(Password.java:7)
	at com.bridgelabz.Password.&lt;init&gt;(Password.java:7)
	at com.bridgelabz.Password.&lt;init&gt;(Password.java:7)
	at com.bridgelabz.Password.&lt;init&gt;(Password.java:7)
	at com.bridgelabz.Password.&lt;init&gt;(Password.java:7)
	at com.bridgelabz.Password.&lt;init&gt;(Password.java:7)
	at com.bridgelabz.Password.&lt;init&gt;(Password.java:7)
	at com.bridgelabz.Password.&lt;init&gt;(Password.java:7)
	at com.bridgelabz.Password.&lt;init&gt;(Password.java:7)
	at com.bridgelabz.Password.&lt;init&gt;(Password.java:7)
	at com.bridgelabz.Password.&lt;init&gt;(Password.java:7)
	at com.bridgelabz.Password.&lt;init&gt;(Password.java:7)
	at com.bridgelabz.Password.&lt;init&gt;(Password.java:7)
	at com.bridgelabz.Password.&lt;init&gt;(Password.java:7)
	at com.bridgelabz.Password.&lt;init&gt;(Password.java:7)
	at com.bridgelabz.Password.&lt;init&gt;(Password.java:7)
	at com.bridgelabz.Password.&lt;init&gt;(Password.java:7)
	at com.bridgelabz.Password.&lt;init&gt;(Password.java:7)
	at com.bridgelabz.Password.&lt;init&gt;(Password.java:7)
	at com.bridgelabz.Password.&lt;init&gt;(Password.java:7)
	at com.bridgelabz.Password.&lt;init&gt;(Password.java:7)
	at com.bridgelabz.Password.&lt;init&gt;(Password.java:7)
	at com.bridgelabz.Password.&lt;init&gt;(Password.java:7)
	at com.bridgelabz.Password.&lt;init&gt;(Password.java:7)
	at com.bridgelabz.Password.&lt;init&gt;(Password.java:7)
	at com.bridgelabz.Password.&lt;init&gt;(Password.java:7)
	at com.bridgelabz.Password.&lt;init&gt;(Password.java:7)
	at com.bridgelabz.Password.&lt;init&gt;(Password.java:7)
	at com.bridgelabz.Password.&lt;init&gt;(Password.java:7)
	at com.bridgelabz.Password.&lt;init&gt;(Password.java:7)
	at com.bridgelabz.Password.&lt;init&gt;(Password.java:7)
	at com.bridgelabz.Password.&lt;init&gt;(Password.java:7)
	at com.bridgelabz.Password.&lt;init&gt;(Password.java:7)
	at com.bridgelabz.Password.&lt;init&gt;(Password.java:7)
	at com.bridgelabz.Password.&lt;init&gt;(Password.java:7)
	at com.bridgelabz.Password.&lt;init&gt;(Password.java:7)
	at com.bridgelabz.Password.&lt;init&gt;(Password.java:7)
	at com.bridgelabz.Password.&lt;init&gt;(Password.java:7)
	at com.bridgelabz.Password.&lt;init&gt;(Password.java:7)
	at com.bridgelabz.Password.&lt;init&gt;(Password.java:7)
	at com.bridgelabz.Password.&lt;init&gt;(Password.java:7)
	at com.bridgelabz.Password.&lt;init&gt;(Password.java:7)
	at com.bridgelabz.Password.&lt;init&gt;(Password.java:7)
	at com.bridgelabz.Password.&lt;init&gt;(Password.java:7)
	at com.bridgelabz.Password.&lt;init&gt;(Password.java:7)
	at com.bridgelabz.Password.&lt;init&gt;(Password.java:7)
	at com.bridgelabz.Password.&lt;init&gt;(Password.java:7)
	at com.bridgelabz.Password.&lt;init&gt;(Password.java:7)
	at com.bridgelabz.Password.&lt;init&gt;(Password.java:7)
	at com.bridgelabz.Password.&lt;init&gt;(Password.java:7)
	at com.bridgelabz.Password.&lt;init&gt;(Password.java:7)
	at com.bridgelabz.Password.&lt;init&gt;(Password.java:7)
	at com.bridgelabz.Password.&lt;init&gt;(Password.java:7)
	at com.bridgelabz.Password.&lt;init&gt;(Password.java:7)
	at com.bridgelabz.Password.&lt;init&gt;(Password.java:7)
	at com.bridgelabz.Password.&lt;init&gt;(Password.java:7)
	at com.bridgelabz.Password.&lt;init&gt;(Password.java:7)
	at com.bridgelabz.Password.&lt;init&gt;(Password.java:7)
	at com.bridgelabz.Password.&lt;init&gt;(Password.java:7)
	at com.bridgelabz.Password.&lt;init&gt;(Password.java:7)
	at com.bridgelabz.Password.&lt;init&gt;(Password.java:7)
	at com.bridgelabz.Password.&lt;init&gt;(Password.java:7)
	at com.bridgelabz.Password.&lt;init&gt;(Password.java:7)
	at com.bridgelabz.Password.&lt;init&gt;(Password.java:7)
	at com.bridgelabz.Password.&lt;init&gt;(Password.java:7)
	at com.bridgelabz.Password.&lt;init&gt;(Password.java:7)
	at com.bridgelabz.Password.&lt;init&gt;(Password.java:7)
	at com.bridgelabz.Password.&lt;init&gt;(Password.java:7)
	at com.bridgelabz.Password.&lt;init&gt;(Password.java:7)
	at com.bridgelabz.Password.&lt;init&gt;(Password.java:7)
	at com.bridgelabz.Password.&lt;init&gt;(Password.java:7)
	at com.bridgelabz.Password.&lt;init&gt;(Password.java:7)
	at com.bridgelabz.Password.&lt;init&gt;(Password.java:7)
	at com.bridgelabz.Password.&lt;init&gt;(Password.java:7)
	at com.bridgelabz.Password.&lt;init&gt;(Password.java:7)
	at com.bridgelabz.Password.&lt;init&gt;(Password.java:7)
	at com.bridgelabz.Password.&lt;init&gt;(Password.java:7)
	at com.bridgelabz.Password.&lt;init&gt;(Password.java:7)
	at com.bridgelabz.Password.&lt;init&gt;(Password.java:7)
	at com.bridgelabz.Password.&lt;init&gt;(Password.java:7)
	at com.bridgelabz.Password.&lt;init&gt;(Password.java:7)
	at com.bridgelabz.Password.&lt;init&gt;(Password.java:7)
	at com.bridgelabz.Password.&lt;init&gt;(Password.java:7)
	at com.bridgelabz.Password.&lt;init&gt;(Password.java:7)
	at com.bridgelabz.Password.&lt;init&gt;(Password.java:7)
	at com.bridgelabz.Password.&lt;init&gt;(Password.java:7)
	at com.bridgelabz.Password.&lt;init&gt;(Password.java:7)
	at com.bridgelabz.Password.&lt;init&gt;(Password.java:7)
	at com.bridgelabz.Password.&lt;init&gt;(Password.java:7)
	at com.bridgelabz.Password.&lt;init&gt;(Password.java:7)
	at com.bridgelabz.Password.&lt;init&gt;(Password.java:7)
	at com.bridgelabz.Password.&lt;init&gt;(Password.java:7)
	at com.bridgelabz.Password.&lt;init&gt;(Password.java:7)
	at com.bridgelabz.Password.&lt;init&gt;(Password.java:7)
	at com.bridgelabz.Password.&lt;init&gt;(Password.java:7)
	at com.bridgelabz.Password.&lt;init&gt;(Password.java:7)
	at com.bridgelabz.Password.&lt;init&gt;(Password.java:7)
	at com.bridgelabz.Password.&lt;init&gt;(Password.java:7)
	at com.bridgelabz.Password.&lt;init&gt;(Password.java:7)
	at com.bridgelabz.Password.&lt;init&gt;(Password.java:7)
	at com.bridgelabz.Password.&lt;init&gt;(Password.java:7)
	at com.bridgelabz.Password.&lt;init&gt;(Password.java:7)
	at com.bridgelabz.Password.&lt;init&gt;(Password.java:7)
	at com.bridgelabz.Password.&lt;init&gt;(Password.java:7)
	at com.bridgelabz.Password.&lt;init&gt;(Password.java:7)
	at com.bridgelabz.Password.&lt;init&gt;(Password.java:7)
	at com.bridgelabz.Password.&lt;init&gt;(Password.java:7)
	at com.bridgelabz.Password.&lt;init&gt;(Password.java:7)
	at com.bridgelabz.Password.&lt;init&gt;(Password.java:7)
	at com.bridgelabz.Password.&lt;init&gt;(Password.java:7)
	at com.bridgelabz.Password.&lt;init&gt;(Password.java:7)
	at com.bridgelabz.Password.&lt;init&gt;(Password.java:7)
	at com.bridgelabz.Password.&lt;init&gt;(Password.java:7)
	at com.bridgelabz.Password.&lt;init&gt;(Password.java:7)
	at com.bridgelabz.Password.&lt;init&gt;(Password.java:7)
	at com.bridgelabz.Password.&lt;init&gt;(Password.java:7)
	at com.bridgelabz.Password.&lt;init&gt;(Password.java:7)
	at com.bridgelabz.Password.&lt;init&gt;(Password.java:7)
	at com.bridgelabz.Password.&lt;init&gt;(Password.java:7)
	at com.bridgelabz.Password.&lt;init&gt;(Password.java:7)
	at com.bridgelabz.Password.&lt;init&gt;(Password.java:7)
	at com.bridgelabz.Password.&lt;init&gt;(Password.java:7)
	at com.bridgelabz.Password.&lt;init&gt;(Password.java:7)
	at com.bridgelabz.Password.&lt;init&gt;(Password.java:7)
	at com.bridgelabz.Password.&lt;init&gt;(Password.java:7)
	at com.bridgelabz.Password.&lt;init&gt;(Password.java:7)
	at com.bridgelabz.Password.&lt;init&gt;(Password.java:7)
	at com.bridgelabz.Password.&lt;init&gt;(Password.java:7)
	at com.bridgelabz.Password.&lt;init&gt;(Password.java:7)
	at com.bridgelabz.Password.&lt;init&gt;(Password.java:7)
	at com.bridgelabz.Password.&lt;init&gt;(Password.java:7)
	at com.bridgelabz.Password.&lt;init&gt;(Password.java:7)
	at com.bridgelabz.Password.&lt;init&gt;(Password.java:7)
	at com.bridgelabz.Password.&lt;init&gt;(Password.java:7)
	at com.bridgelabz.Password.&lt;init&gt;(Password.java:7)
	at com.bridgelabz.Password.&lt;init&gt;(Password.java:7)
	at com.bridgelabz.Password.&lt;init&gt;(Password.java:7)
	at com.bridgelabz.Password.&lt;init&gt;(Password.java:7)
	at com.bridgelabz.Password.&lt;init&gt;(Password.java:7)
	at com.bridgelabz.Password.&lt;init&gt;(Password.java:7)
	at com.bridgelabz.Password.&lt;init&gt;(Password.java:7)
	at com.bridgelabz.Password.&lt;init&gt;(Password.java:7)
	at com.bridgelabz.Password.&lt;init&gt;(Password.java:7)
	at com.bridgelabz.Password.&lt;init&gt;(Password.java:7)
	at com.bridgelabz.Password.&lt;init&gt;(Password.java:7)
	at com.bridgelabz.Password.&lt;init&gt;(Password.java:7)
	at com.bridgelabz.Password.&lt;init&gt;(Password.java:7)
	at com.bridgelabz.Password.&lt;init&gt;(Password.java:7)
	at com.bridgelabz.Password.&lt;init&gt;(Password.java:7)
	at com.bridgelabz.Password.&lt;init&gt;(Password.java:7)
	at com.bridgelabz.Password.&lt;init&gt;(Password.java:7)
	at com.bridgelabz.Password.&lt;init&gt;(Password.java:7)
	at com.bridgelabz.Password.&lt;init&gt;(Password.java:7)
	at com.bridgelabz.Password.&lt;init&gt;(Password.java:7)
	at com.bridgelabz.Password.&lt;init&gt;(Password.java:7)
	at com.bridgelabz.Password.&lt;init&gt;(Password.java:7)
	at com.bridgelabz.Password.&lt;init&gt;(Password.java:7)
	at com.bridgelabz.Password.&lt;init&gt;(Password.java:7)
	at com.bridgelabz.Password.&lt;init&gt;(Password.java:7)
	at com.bridgelabz.Password.&lt;init&gt;(Password.java:7)
	at com.bridgelabz.Password.&lt;init&gt;(Password.java:7)
	at com.bridgelabz.Password.&lt;init&gt;(Password.java:7)
	at com.bridgelabz.Password.&lt;init&gt;(Password.java:7)
	at com.bridgelabz.Password.&lt;init&gt;(Password.java:7)
	at com.bridgelabz.Password.&lt;init&gt;(Password.java:7)
	at com.bridgelabz.Password.&lt;init&gt;(Password.java:7)
	at com.bridgelabz.Password.&lt;init&gt;(Password.java:7)
	at com.bridgelabz.Password.&lt;init&gt;(Password.java:7)
	at com.bridgelabz.Password.&lt;init&gt;(Password.java:7)
	at com.bridgelabz.Password.&lt;init&gt;(Password.java:7)
	at com.bridgelabz.Password.&lt;init&gt;(Password.java:7)
	at com.bridgelabz.Password.&lt;init&gt;(Password.java:7)
	at com.bridgelabz.Password.&lt;init&gt;(Password.java:7)
	at com.bridgelabz.Password.&lt;init&gt;(Password.java:7)
	at com.bridgelabz.Password.&lt;init&gt;(Password.java:7)
	at com.bridgelabz.Password.&lt;init&gt;(Password.java:7)
	at com.bridgelabz.Password.&lt;init&gt;(Password.java:7)
	at com.bridgelabz.Password.&lt;init&gt;(Password.java:7)
	at com.bridgelabz.Password.&lt;init&gt;(Password.java:7)
	at com.bridgelabz.Password.&lt;init&gt;(Password.java:7)
	at com.bridgelabz.Password.&lt;init&gt;(Password.java:7)
	at com.bridgelabz.Password.&lt;init&gt;(Password.java:7)
	at com.bridgelabz.Password.&lt;init&gt;(Password.java:7)
	at com.bridgelabz.Password.&lt;init&gt;(Password.java:7)
	at com.bridgelabz.Password.&lt;init&gt;(Password.java:7)
	at com.bridgelabz.Password.&lt;init&gt;(Password.java:7)
	at com.bridgelabz.Password.&lt;init&gt;(Password.java:7)
	at com.bridgelabz.Password.&lt;init&gt;(Password.java:7)
	at com.bridgelabz.Password.&lt;init&gt;(Password.java:7)
	at com.bridgelabz.Password.&lt;init&gt;(Password.java:7)
	at com.bridgelabz.Password.&lt;init&gt;(Password.java:7)
	at com.bridgelabz.Password.&lt;init&gt;(Password.java:7)
	at com.bridgelabz.Password.&lt;init&gt;(Password.java:7)
	at com.bridgelabz.Password.&lt;init&gt;(Password.java:7)
	at com.bridgelabz.Password.&lt;init&gt;(Password.java:7)
	at com.bridgelabz.Password.&lt;init&gt;(Password.java:7)
	at com.bridgelabz.Password.&lt;init&gt;(Password.java:7)
	at com.bridgelabz.Password.&lt;init&gt;(Password.java:7)
	at com.bridgelabz.Password.&lt;init&gt;(Password.java:7)
	at com.bridgelabz.Password.&lt;init&gt;(Password.java:7)
	at com.bridgelabz.Password.&lt;init&gt;(Password.java:7)
	at com.bridgelabz.Password.&lt;init&gt;(Password.java:7)
	at com.bridgelabz.Password.&lt;init&gt;(Password.java:7)
	at com.bridgelabz.Password.&lt;init&gt;(Password.java:7)
	at com.bridgelabz.Password.&lt;init&gt;(Password.java:7)
	at com.bridgelabz.Password.&lt;init&gt;(Password.java:7)
	at com.bridgelabz.Password.&lt;init&gt;(Password.java:7)
	at com.bridgelabz.Password.&lt;init&gt;(Password.java:7)
	at com.bridgelabz.Password.&lt;init&gt;(Password.java:7)
	at com.bridgelabz.Password.&lt;init&gt;(Password.java:7)
	at com.bridgelabz.Password.&lt;init&gt;(Password.java:7)
	at com.bridgelabz.Password.&lt;init&gt;(Password.java:7)
	at com.bridgelabz.Password.&lt;init&gt;(Password.java:7)
	at com.bridgelabz.Password.&lt;init&gt;(Password.java:7)
	at com.bridgelabz.Password.&lt;init&gt;(Password.java:7)
	at com.bridgelabz.Password.&lt;init&gt;(Password.java:7)
	at com.bridgelabz.Password.&lt;init&gt;(Password.java:7)
	at com.bridgelabz.Password.&lt;init&gt;(Password.java:7)
	at com.bridgelabz.Password.&lt;init&gt;(Password.java:7)
	at com.bridgelabz.Password.&lt;init&gt;(Password.java:7)
	at com.bridgelabz.Password.&lt;init&gt;(Password.java:7)
	at com.bridgelabz.Password.&lt;init&gt;(Password.java:7)
	at com.bridgelabz.Password.&lt;init&gt;(Password.java:7)
	at com.bridgelabz.Password.&lt;init&gt;(Password.java:7)
	at com.bridgelabz.Password.&lt;init&gt;(Password.java:7)
	at com.bridgelabz.Password.&lt;init&gt;(Password.java:7)
</failure>
  </testcase>
  <testcase name="happyFirstName()" classname="com.bridgelabz.Password" time="0.0">
    <failure message="java.lang.StackOverflowError" type="java.lang.StackOverflowError">java.lang.StackOverflowError
	at com.bridgelabz.Password.&lt;init&gt;(Password.java:7)
	at com.bridgelabz.Password.&lt;init&gt;(Password.java:7)
	at com.bridgelabz.Password.&lt;init&gt;(Password.java:7)
	at com.bridgelabz.Password.&lt;init&gt;(Password.java:7)
	at com.bridgelabz.Password.&lt;init&gt;(Password.java:7)
	at com.bridgelabz.Password.&lt;init&gt;(Password.java:7)
	at com.bridgelabz.Password.&lt;init&gt;(Password.java:7)
	at com.bridgelabz.Password.&lt;init&gt;(Password.java:7)
	at com.bridgelabz.Password.&lt;init&gt;(Password.java:7)
	at com.bridgelabz.Password.&lt;init&gt;(Password.java:7)
	at com.bridgelabz.Password.&lt;init&gt;(Password.java:7)
	at com.bridgelabz.Password.&lt;init&gt;(Password.java:7)
	at com.bridgelabz.Password.&lt;init&gt;(Password.java:7)
	at com.bridgelabz.Password.&lt;init&gt;(Password.java:7)
	at com.bridgelabz.Password.&lt;init&gt;(Password.java:7)
	at com.bridgelabz.Password.&lt;init&gt;(Password.java:7)
	at com.bridgelabz.Password.&lt;init&gt;(Password.java:7)
	at com.bridgelabz.Password.&lt;init&gt;(Password.java:7)
	at com.bridgelabz.Password.&lt;init&gt;(Password.java:7)
	at com.bridgelabz.Password.&lt;init&gt;(Password.java:7)
	at com.bridgelabz.Password.&lt;init&gt;(Password.java:7)
	at com.bridgelabz.Password.&lt;init&gt;(Password.java:7)
	at com.bridgelabz.Password.&lt;init&gt;(Password.java:7)
	at com.bridgelabz.Password.&lt;init&gt;(Password.java:7)
	at com.bridgelabz.Password.&lt;init&gt;(Password.java:7)
	at com.bridgelabz.Password.&lt;init&gt;(Password.java:7)
	at com.bridgelabz.Password.&lt;init&gt;(Password.java:7)
	at com.bridgelabz.Password.&lt;init&gt;(Password.java:7)
	at com.bridgelabz.Password.&lt;init&gt;(Password.java:7)
	at com.bridgelabz.Password.&lt;init&gt;(Password.java:7)
	at com.bridgelabz.Password.&lt;init&gt;(Password.java:7)
	at com.bridgelabz.Password.&lt;init&gt;(Password.java:7)
	at com.bridgelabz.Password.&lt;init&gt;(Password.java:7)
	at com.bridgelabz.Password.&lt;init&gt;(Password.java:7)
	at com.bridgelabz.Password.&lt;init&gt;(Password.java:7)
	at com.bridgelabz.Password.&lt;init&gt;(Password.java:7)
	at com.bridgelabz.Password.&lt;init&gt;(Password.java:7)
	at com.bridgelabz.Password.&lt;init&gt;(Password.java:7)
	at com.bridgelabz.Password.&lt;init&gt;(Password.java:7)
	at com.bridgelabz.Password.&lt;init&gt;(Password.java:7)
	at com.bridgelabz.Password.&lt;init&gt;(Password.java:7)
	at com.bridgelabz.Password.&lt;init&gt;(Password.java:7)
	at com.bridgelabz.Password.&lt;init&gt;(Password.java:7)
	at com.bridgelabz.Password.&lt;init&gt;(Password.java:7)
	at com.bridgelabz.Password.&lt;init&gt;(Password.java:7)
	at com.bridgelabz.Password.&lt;init&gt;(Password.java:7)
	at com.bridgelabz.Password.&lt;init&gt;(Password.java:7)
	at com.bridgelabz.Password.&lt;init&gt;(Password.java:7)
	at com.bridgelabz.Password.&lt;init&gt;(Password.java:7)
	at com.bridgelabz.Password.&lt;init&gt;(Password.java:7)
	at com.bridgelabz.Password.&lt;init&gt;(Password.java:7)
	at com.bridgelabz.Password.&lt;init&gt;(Password.java:7)
	at com.bridgelabz.Password.&lt;init&gt;(Password.java:7)
	at com.bridgelabz.Password.&lt;init&gt;(Password.java:7)
	at com.bridgelabz.Password.&lt;init&gt;(Password.java:7)
	at com.bridgelabz.Password.&lt;init&gt;(Password.java:7)
	at com.bridgelabz.Password.&lt;init&gt;(Password.java:7)
	at com.bridgelabz.Password.&lt;init&gt;(Password.java:7)
	at com.bridgelabz.Password.&lt;init&gt;(Password.java:7)
	at com.bridgelabz.Password.&lt;init&gt;(Password.java:7)
	at com.bridgelabz.Password.&lt;init&gt;(Password.java:7)
	at com.bridgelabz.Password.&lt;init&gt;(Password.java:7)
	at com.bridgelabz.Password.&lt;init&gt;(Password.java:7)
	at com.bridgelabz.Password.&lt;init&gt;(Password.java:7)
	at com.bridgelabz.Password.&lt;init&gt;(Password.java:7)
	at com.bridgelabz.Password.&lt;init&gt;(Password.java:7)
	at com.bridgelabz.Password.&lt;init&gt;(Password.java:7)
	at com.bridgelabz.Password.&lt;init&gt;(Password.java:7)
	at com.bridgelabz.Password.&lt;init&gt;(Password.java:7)
	at com.bridgelabz.Password.&lt;init&gt;(Password.java:7)
	at com.bridgelabz.Password.&lt;init&gt;(Password.java:7)
	at com.bridgelabz.Password.&lt;init&gt;(Password.java:7)
	at com.bridgelabz.Password.&lt;init&gt;(Password.java:7)
	at com.bridgelabz.Password.&lt;init&gt;(Password.java:7)
	at com.bridgelabz.Password.&lt;init&gt;(Password.java:7)
	at com.bridgelabz.Password.&lt;init&gt;(Password.java:7)
	at com.bridgelabz.Password.&lt;init&gt;(Password.java:7)
	at com.bridgelabz.Password.&lt;init&gt;(Password.java:7)
	at com.bridgelabz.Password.&lt;init&gt;(Password.java:7)
	at com.bridgelabz.Password.&lt;init&gt;(Password.java:7)
	at com.bridgelabz.Password.&lt;init&gt;(Password.java:7)
	at com.bridgelabz.Password.&lt;init&gt;(Password.java:7)
	at com.bridgelabz.Password.&lt;init&gt;(Password.java:7)
	at com.bridgelabz.Password.&lt;init&gt;(Password.java:7)
	at com.bridgelabz.Password.&lt;init&gt;(Password.java:7)
	at com.bridgelabz.Password.&lt;init&gt;(Password.java:7)
	at com.bridgelabz.Password.&lt;init&gt;(Password.java:7)
	at com.bridgelabz.Password.&lt;init&gt;(Password.java:7)
	at com.bridgelabz.Password.&lt;init&gt;(Password.java:7)
	at com.bridgelabz.Password.&lt;init&gt;(Password.java:7)
	at com.bridgelabz.Password.&lt;init&gt;(Password.java:7)
	at com.bridgelabz.Password.&lt;init&gt;(Password.java:7)
	at com.bridgelabz.Password.&lt;init&gt;(Password.java:7)
	at com.bridgelabz.Password.&lt;init&gt;(Password.java:7)
	at com.bridgelabz.Password.&lt;init&gt;(Password.java:7)
	at com.bridgelabz.Password.&lt;init&gt;(Password.java:7)
	at com.bridgelabz.Password.&lt;init&gt;(Password.java:7)
	at com.bridgelabz.Password.&lt;init&gt;(Password.java:7)
	at com.bridgelabz.Password.&lt;init&gt;(Password.java:7)
	at com.bridgelabz.Password.&lt;init&gt;(Password.java:7)
	at com.bridgelabz.Password.&lt;init&gt;(Password.java:7)
	at com.bridgelabz.Password.&lt;init&gt;(Password.java:7)
	at com.bridgelabz.Password.&lt;init&gt;(Password.java:7)
	at com.bridgelabz.Password.&lt;init&gt;(Password.java:7)
	at com.bridgelabz.Password.&lt;init&gt;(Password.java:7)
	at com.bridgelabz.Password.&lt;init&gt;(Password.java:7)
	at com.bridgelabz.Password.&lt;init&gt;(Password.java:7)
	at com.bridgelabz.Password.&lt;init&gt;(Password.java:7)
	at com.bridgelabz.Password.&lt;init&gt;(Password.java:7)
	at com.bridgelabz.Password.&lt;init&gt;(Password.java:7)
	at com.bridgelabz.Password.&lt;init&gt;(Password.java:7)
	at com.bridgelabz.Password.&lt;init&gt;(Password.java:7)
	at com.bridgelabz.Password.&lt;init&gt;(Password.java:7)
	at com.bridgelabz.Password.&lt;init&gt;(Password.java:7)
	at com.bridgelabz.Password.&lt;init&gt;(Password.java:7)
	at com.bridgelabz.Password.&lt;init&gt;(Password.java:7)
	at com.bridgelabz.Password.&lt;init&gt;(Password.java:7)
	at com.bridgelabz.Password.&lt;init&gt;(Password.java:7)
	at com.bridgelabz.Password.&lt;init&gt;(Password.java:7)
	at com.bridgelabz.Password.&lt;init&gt;(Password.java:7)
	at com.bridgelabz.Password.&lt;init&gt;(Password.java:7)
	at com.bridgelabz.Password.&lt;init&gt;(Password.java:7)
	at com.bridgelabz.Password.&lt;init&gt;(Password.java:7)
	at com.bridgelabz.Password.&lt;init&gt;(Password.java:7)
	at com.bridgelabz.Password.&lt;init&gt;(Password.java:7)
	at com.bridgelabz.Password.&lt;init&gt;(Password.java:7)
	at com.bridgelabz.Password.&lt;init&gt;(Password.java:7)
	at com.bridgelabz.Password.&lt;init&gt;(Password.java:7)
	at com.bridgelabz.Password.&lt;init&gt;(Password.java:7)
	at com.bridgelabz.Password.&lt;init&gt;(Password.java:7)
	at com.bridgelabz.Password.&lt;init&gt;(Password.java:7)
	at com.bridgelabz.Password.&lt;init&gt;(Password.java:7)
	at com.bridgelabz.Password.&lt;init&gt;(Password.java:7)
	at com.bridgelabz.Password.&lt;init&gt;(Password.java:7)
	at com.bridgelabz.Password.&lt;init&gt;(Password.java:7)
	at com.bridgelabz.Password.&lt;init&gt;(Password.java:7)
	at com.bridgelabz.Password.&lt;init&gt;(Password.java:7)
	at com.bridgelabz.Password.&lt;init&gt;(Password.java:7)
	at com.bridgelabz.Password.&lt;init&gt;(Password.java:7)
	at com.bridgelabz.Password.&lt;init&gt;(Password.java:7)
	at com.bridgelabz.Password.&lt;init&gt;(Password.java:7)
	at com.bridgelabz.Password.&lt;init&gt;(Password.java:7)
	at com.bridgelabz.Password.&lt;init&gt;(Password.java:7)
	at com.bridgelabz.Password.&lt;init&gt;(Password.java:7)
	at com.bridgelabz.Password.&lt;init&gt;(Password.java:7)
	at com.bridgelabz.Password.&lt;init&gt;(Password.java:7)
	at com.bridgelabz.Password.&lt;init&gt;(Password.java:7)
	at com.bridgelabz.Password.&lt;init&gt;(Password.java:7)
	at com.bridgelabz.Password.&lt;init&gt;(Password.java:7)
	at com.bridgelabz.Password.&lt;init&gt;(Password.java:7)
	at com.bridgelabz.Password.&lt;init&gt;(Password.java:7)
	at com.bridgelabz.Password.&lt;init&gt;(Password.java:7)
	at com.bridgelabz.Password.&lt;init&gt;(Password.java:7)
	at com.bridgelabz.Password.&lt;init&gt;(Password.java:7)
	at com.bridgelabz.Password.&lt;init&gt;(Password.java:7)
	at com.bridgelabz.Password.&lt;init&gt;(Password.java:7)
	at com.bridgelabz.Password.&lt;init&gt;(Password.java:7)
	at com.bridgelabz.Password.&lt;init&gt;(Password.java:7)
	at com.bridgelabz.Password.&lt;init&gt;(Password.java:7)
	at com.bridgelabz.Password.&lt;init&gt;(Password.java:7)
	at com.bridgelabz.Password.&lt;init&gt;(Password.java:7)
	at com.bridgelabz.Password.&lt;init&gt;(Password.java:7)
	at com.bridgelabz.Password.&lt;init&gt;(Password.java:7)
	at com.bridgelabz.Password.&lt;init&gt;(Password.java:7)
	at com.bridgelabz.Password.&lt;init&gt;(Password.java:7)
	at com.bridgelabz.Password.&lt;init&gt;(Password.java:7)
	at com.bridgelabz.Password.&lt;init&gt;(Password.java:7)
	at com.bridgelabz.Password.&lt;init&gt;(Password.java:7)
	at com.bridgelabz.Password.&lt;init&gt;(Password.java:7)
	at com.bridgelabz.Password.&lt;init&gt;(Password.java:7)
	at com.bridgelabz.Password.&lt;init&gt;(Password.java:7)
	at com.bridgelabz.Password.&lt;init&gt;(Password.java:7)
	at com.bridgelabz.Password.&lt;init&gt;(Password.java:7)
	at com.bridgelabz.Password.&lt;init&gt;(Password.java:7)
	at com.bridgelabz.Password.&lt;init&gt;(Password.java:7)
	at com.bridgelabz.Password.&lt;init&gt;(Password.java:7)
	at com.bridgelabz.Password.&lt;init&gt;(Password.java:7)
	at com.bridgelabz.Password.&lt;init&gt;(Password.java:7)
	at com.bridgelabz.Password.&lt;init&gt;(Password.java:7)
	at com.bridgelabz.Password.&lt;init&gt;(Password.java:7)
	at com.bridgelabz.Password.&lt;init&gt;(Password.java:7)
	at com.bridgelabz.Password.&lt;init&gt;(Password.java:7)
	at com.bridgelabz.Password.&lt;init&gt;(Password.java:7)
	at com.bridgelabz.Password.&lt;init&gt;(Password.java:7)
	at com.bridgelabz.Password.&lt;init&gt;(Password.java:7)
	at com.bridgelabz.Password.&lt;init&gt;(Password.java:7)
	at com.bridgelabz.Password.&lt;init&gt;(Password.java:7)
	at com.bridgelabz.Password.&lt;init&gt;(Password.java:7)
	at com.bridgelabz.Password.&lt;init&gt;(Password.java:7)
	at com.bridgelabz.Password.&lt;init&gt;(Password.java:7)
	at com.bridgelabz.Password.&lt;init&gt;(Password.java:7)
	at com.bridgelabz.Password.&lt;init&gt;(Password.java:7)
	at com.bridgelabz.Password.&lt;init&gt;(Password.java:7)
	at com.bridgelabz.Password.&lt;init&gt;(Password.java:7)
	at com.bridgelabz.Password.&lt;init&gt;(Password.java:7)
	at com.bridgelabz.Password.&lt;init&gt;(Password.java:7)
	at com.bridgelabz.Password.&lt;init&gt;(Password.java:7)
	at com.bridgelabz.Password.&lt;init&gt;(Password.java:7)
	at com.bridgelabz.Password.&lt;init&gt;(Password.java:7)
	at com.bridgelabz.Password.&lt;init&gt;(Password.java:7)
	at com.bridgelabz.Password.&lt;init&gt;(Password.java:7)
	at com.bridgelabz.Password.&lt;init&gt;(Password.java:7)
	at com.bridgelabz.Password.&lt;init&gt;(Password.java:7)
	at com.bridgelabz.Password.&lt;init&gt;(Password.java:7)
	at com.bridgelabz.Password.&lt;init&gt;(Password.java:7)
	at com.bridgelabz.Password.&lt;init&gt;(Password.java:7)
	at com.bridgelabz.Password.&lt;init&gt;(Password.java:7)
	at com.bridgelabz.Password.&lt;init&gt;(Password.java:7)
	at com.bridgelabz.Password.&lt;init&gt;(Password.java:7)
	at com.bridgelabz.Password.&lt;init&gt;(Password.java:7)
	at com.bridgelabz.Password.&lt;init&gt;(Password.java:7)
	at com.bridgelabz.Password.&lt;init&gt;(Password.java:7)
	at com.bridgelabz.Password.&lt;init&gt;(Password.java:7)
	at com.bridgelabz.Password.&lt;init&gt;(Password.java:7)
	at com.bridgelabz.Password.&lt;init&gt;(Password.java:7)
	at com.bridgelabz.Password.&lt;init&gt;(Password.java:7)
	at com.bridgelabz.Password.&lt;init&gt;(Password.java:7)
	at com.bridgelabz.Password.&lt;init&gt;(Password.java:7)
	at com.bridgelabz.Password.&lt;init&gt;(Password.java:7)
	at com.bridgelabz.Password.&lt;init&gt;(Password.java:7)
	at com.bridgelabz.Password.&lt;init&gt;(Password.java:7)
	at com.bridgelabz.Password.&lt;init&gt;(Password.java:7)
	at com.bridgelabz.Password.&lt;init&gt;(Password.java:7)
	at com.bridgelabz.Password.&lt;init&gt;(Password.java:7)
	at com.bridgelabz.Password.&lt;init&gt;(Password.java:7)
	at com.bridgelabz.Password.&lt;init&gt;(Password.java:7)
	at com.bridgelabz.Password.&lt;init&gt;(Password.java:7)
	at com.bridgelabz.Password.&lt;init&gt;(Password.java:7)
	at com.bridgelabz.Password.&lt;init&gt;(Password.java:7)
	at com.bridgelabz.Password.&lt;init&gt;(Password.java:7)
	at com.bridgelabz.Password.&lt;init&gt;(Password.java:7)
	at com.bridgelabz.Password.&lt;init&gt;(Password.java:7)
	at com.bridgelabz.Password.&lt;init&gt;(Password.java:7)
	at com.bridgelabz.Password.&lt;init&gt;(Password.java:7)
	at com.bridgelabz.Password.&lt;init&gt;(Password.java:7)
	at com.bridgelabz.Password.&lt;init&gt;(Password.java:7)
	at com.bridgelabz.Password.&lt;init&gt;(Password.java:7)
	at com.bridgelabz.Password.&lt;init&gt;(Password.java:7)
	at com.bridgelabz.Password.&lt;init&gt;(Password.java:7)
	at com.bridgelabz.Password.&lt;init&gt;(Password.java:7)
	at com.bridgelabz.Password.&lt;init&gt;(Password.java:7)
	at com.bridgelabz.Password.&lt;init&gt;(Password.java:7)
	at com.bridgelabz.Password.&lt;init&gt;(Password.java:7)
	at com.bridgelabz.Password.&lt;init&gt;(Password.java:7)
	at com.bridgelabz.Password.&lt;init&gt;(Password.java:7)
	at com.bridgelabz.Password.&lt;init&gt;(Password.java:7)
	at com.bridgelabz.Password.&lt;init&gt;(Password.java:7)
	at com.bridgelabz.Password.&lt;init&gt;(Password.java:7)
	at com.bridgelabz.Password.&lt;init&gt;(Password.java:7)
	at com.bridgelabz.Password.&lt;init&gt;(Password.java:7)
	at com.bridgelabz.Password.&lt;init&gt;(Password.java:7)
	at com.bridgelabz.Password.&lt;init&gt;(Password.java:7)
	at com.bridgelabz.Password.&lt;init&gt;(Password.java:7)
	at com.bridgelabz.Password.&lt;init&gt;(Password.java:7)
	at com.bridgelabz.Password.&lt;init&gt;(Password.java:7)
	at com.bridgelabz.Password.&lt;init&gt;(Password.java:7)
	at com.bridgelabz.Password.&lt;init&gt;(Password.java:7)
	at com.bridgelabz.Password.&lt;init&gt;(Password.java:7)
	at com.bridgelabz.Password.&lt;init&gt;(Password.java:7)
	at com.bridgelabz.Password.&lt;init&gt;(Password.java:7)
	at com.bridgelabz.Password.&lt;init&gt;(Password.java:7)
	at com.bridgelabz.Password.&lt;init&gt;(Password.java:7)
	at com.bridgelabz.Password.&lt;init&gt;(Password.java:7)
	at com.bridgelabz.Password.&lt;init&gt;(Password.java:7)
	at com.bridgelabz.Password.&lt;init&gt;(Password.java:7)
	at com.bridgelabz.Password.&lt;init&gt;(Password.java:7)
	at com.bridgelabz.Password.&lt;init&gt;(Password.java:7)
	at com.bridgelabz.Password.&lt;init&gt;(Password.java:7)
	at com.bridgelabz.Password.&lt;init&gt;(Password.java:7)
	at com.bridgelabz.Password.&lt;init&gt;(Password.java:7)
	at com.bridgelabz.Password.&lt;init&gt;(Password.java:7)
	at com.bridgelabz.Password.&lt;init&gt;(Password.java:7)
	at com.bridgelabz.Password.&lt;init&gt;(Password.java:7)
	at com.bridgelabz.Password.&lt;init&gt;(Password.java:7)
	at com.bridgelabz.Password.&lt;init&gt;(Password.java:7)
	at com.bridgelabz.Password.&lt;init&gt;(Password.java:7)
	at com.bridgelabz.Password.&lt;init&gt;(Password.java:7)
	at com.bridgelabz.Password.&lt;init&gt;(Password.java:7)
	at com.bridgelabz.Password.&lt;init&gt;(Password.java:7)
	at com.bridgelabz.Password.&lt;init&gt;(Password.java:7)
	at com.bridgelabz.Password.&lt;init&gt;(Password.java:7)
	at com.bridgelabz.Password.&lt;init&gt;(Password.java:7)
	at com.bridgelabz.Password.&lt;init&gt;(Password.java:7)
	at com.bridgelabz.Password.&lt;init&gt;(Password.java:7)
	at com.bridgelabz.Password.&lt;init&gt;(Password.java:7)
	at com.bridgelabz.Password.&lt;init&gt;(Password.java:7)
	at com.bridgelabz.Password.&lt;init&gt;(Password.java:7)
	at com.bridgelabz.Password.&lt;init&gt;(Password.java:7)
	at com.bridgelabz.Password.&lt;init&gt;(Password.java:7)
	at com.bridgelabz.Password.&lt;init&gt;(Password.java:7)
	at com.bridgelabz.Password.&lt;init&gt;(Password.java:7)
	at com.bridgelabz.Password.&lt;init&gt;(Password.java:7)
	at com.bridgelabz.Password.&lt;init&gt;(Password.java:7)
	at com.bridgelabz.Password.&lt;init&gt;(Password.java:7)
	at com.bridgelabz.Password.&lt;init&gt;(Password.java:7)
	at com.bridgelabz.Password.&lt;init&gt;(Password.java:7)
	at com.bridgelabz.Password.&lt;init&gt;(Password.java:7)
	at com.bridgelabz.Password.&lt;init&gt;(Password.java:7)
	at com.bridgelabz.Password.&lt;init&gt;(Password.java:7)
	at com.bridgelabz.Password.&lt;init&gt;(Password.java:7)
	at com.bridgelabz.Password.&lt;init&gt;(Password.java:7)
	at com.bridgelabz.Password.&lt;init&gt;(Password.java:7)
	at com.bridgelabz.Password.&lt;init&gt;(Password.java:7)
	at com.bridgelabz.Password.&lt;init&gt;(Password.java:7)
	at com.bridgelabz.Password.&lt;init&gt;(Password.java:7)
	at com.bridgelabz.Password.&lt;init&gt;(Password.java:7)
	at com.bridgelabz.Password.&lt;init&gt;(Password.java:7)
	at com.bridgelabz.Password.&lt;init&gt;(Password.java:7)
	at com.bridgelabz.Password.&lt;init&gt;(Password.java:7)
	at com.bridgelabz.Password.&lt;init&gt;(Password.java:7)
	at com.bridgelabz.Password.&lt;init&gt;(Password.java:7)
	at com.bridgelabz.Password.&lt;init&gt;(Password.java:7)
	at com.bridgelabz.Password.&lt;init&gt;(Password.java:7)
	at com.bridgelabz.Password.&lt;init&gt;(Password.java:7)
	at com.bridgelabz.Password.&lt;init&gt;(Password.java:7)
	at com.bridgelabz.Password.&lt;init&gt;(Password.java:7)
	at com.bridgelabz.Password.&lt;init&gt;(Password.java:7)
	at com.bridgelabz.Password.&lt;init&gt;(Password.java:7)
	at com.bridgelabz.Password.&lt;init&gt;(Password.java:7)
	at com.bridgelabz.Password.&lt;init&gt;(Password.java:7)
	at com.bridgelabz.Password.&lt;init&gt;(Password.java:7)
	at com.bridgelabz.Password.&lt;init&gt;(Password.java:7)
	at com.bridgelabz.Password.&lt;init&gt;(Password.java:7)
	at com.bridgelabz.Password.&lt;init&gt;(Password.java:7)
	at com.bridgelabz.Password.&lt;init&gt;(Password.java:7)
	at com.bridgelabz.Password.&lt;init&gt;(Password.java:7)
	at com.bridgelabz.Password.&lt;init&gt;(Password.java:7)
	at com.bridgelabz.Password.&lt;init&gt;(Password.java:7)
	at com.bridgelabz.Password.&lt;init&gt;(Password.java:7)
	at com.bridgelabz.Password.&lt;init&gt;(Password.java:7)
	at com.bridgelabz.Password.&lt;init&gt;(Password.java:7)
	at com.bridgelabz.Password.&lt;init&gt;(Password.java:7)
	at com.bridgelabz.Password.&lt;init&gt;(Password.java:7)
	at com.bridgelabz.Password.&lt;init&gt;(Password.java:7)
	at com.bridgelabz.Password.&lt;init&gt;(Password.java:7)
	at com.bridgelabz.Password.&lt;init&gt;(Password.java:7)
	at com.bridgelabz.Password.&lt;init&gt;(Password.java:7)
	at com.bridgelabz.Password.&lt;init&gt;(Password.java:7)
	at com.bridgelabz.Password.&lt;init&gt;(Password.java:7)
	at com.bridgelabz.Password.&lt;init&gt;(Password.java:7)
	at com.bridgelabz.Password.&lt;init&gt;(Password.java:7)
	at com.bridgelabz.Password.&lt;init&gt;(Password.java:7)
	at com.bridgelabz.Password.&lt;init&gt;(Password.java:7)
	at com.bridgelabz.Password.&lt;init&gt;(Password.java:7)
[...]
	at com.bridgelabz.Password.&lt;init&gt;(Password.java:7)
	at com.bridgelabz.Password.&lt;init&gt;(Password.java:7)
	at com.bridgelabz.Password.&lt;init&gt;(Password.java:7)
	at com.bridgelabz.Password.&lt;init&gt;(Password.java:7)
	at com.bridgelabz.Password.&lt;init&gt;(Password.java:7)
	at com.bridgelabz.Password.&lt;init&gt;(Password.java:7)
	at com.bridgelabz.Password.&lt;init&gt;(Password.java:7)
	at com.bridgelabz.Password.&lt;init&gt;(Password.java:7)
	at com.bridgelabz.Password.&lt;init&gt;(Password.java:7)
	at com.bridgelabz.Password.&lt;init&gt;(Password.java:7)
	at com.bridgelabz.Password.&lt;init&gt;(Password.java:7)
	at com.bridgelabz.Password.&lt;init&gt;(Password.java:7)
	at com.bridgelabz.Password.&lt;init&gt;(Password.java:7)
	at com.bridgelabz.Password.&lt;init&gt;(Password.java:7)
	at com.bridgelabz.Password.&lt;init&gt;(Password.java:7)
	at com.bridgelabz.Password.&lt;init&gt;(Password.java:7)
	at com.bridgelabz.Password.&lt;init&gt;(Password.java:7)
	at com.bridgelabz.Password.&lt;init&gt;(Password.java:7)
	at com.bridgelabz.Password.&lt;init&gt;(Password.java:7)
	at com.bridgelabz.Password.&lt;init&gt;(Password.java:7)
	at com.bridgelabz.Password.&lt;init&gt;(Password.java:7)
	at com.bridgelabz.Password.&lt;init&gt;(Password.java:7)
	at com.bridgelabz.Password.&lt;init&gt;(Password.java:7)
	at com.bridgelabz.Password.&lt;init&gt;(Password.java:7)
	at com.bridgelabz.Password.&lt;init&gt;(Password.java:7)
	at com.bridgelabz.Password.&lt;init&gt;(Password.java:7)
	at com.bridgelabz.Password.&lt;init&gt;(Password.java:7)
	at com.bridgelabz.Password.&lt;init&gt;(Password.java:7)
	at com.bridgelabz.Password.&lt;init&gt;(Password.java:7)
	at com.bridgelabz.Password.&lt;init&gt;(Password.java:7)
	at com.bridgelabz.Password.&lt;init&gt;(Password.java:7)
	at com.bridgelabz.Password.&lt;init&gt;(Password.java:7)
	at com.bridgelabz.Password.&lt;init&gt;(Password.java:7)
	at com.bridgelabz.Password.&lt;init&gt;(Password.java:7)
	at com.bridgelabz.Password.&lt;init&gt;(Password.java:7)
	at com.bridgelabz.Password.&lt;init&gt;(Password.java:7)
	at com.bridgelabz.Password.&lt;init&gt;(Password.java:7)
	at com.bridgelabz.Password.&lt;init&gt;(Password.java:7)
	at com.bridgelabz.Password.&lt;init&gt;(Password.java:7)
	at com.bridgelabz.Password.&lt;init&gt;(Password.java:7)
	at com.bridgelabz.Password.&lt;init&gt;(Password.java:7)
	at com.bridgelabz.Password.&lt;init&gt;(Password.java:7)
	at com.bridgelabz.Password.&lt;init&gt;(Password.java:7)
	at com.bridgelabz.Password.&lt;init&gt;(Password.java:7)
	at com.bridgelabz.Password.&lt;init&gt;(Password.java:7)
	at com.bridgelabz.Password.&lt;init&gt;(Password.java:7)
	at com.bridgelabz.Password.&lt;init&gt;(Password.java:7)
	at com.bridgelabz.Password.&lt;init&gt;(Password.java:7)
	at com.bridgelabz.Password.&lt;init&gt;(Password.java:7)
	at com.bridgelabz.Password.&lt;init&gt;(Password.java:7)
	at com.bridgelabz.Password.&lt;init&gt;(Password.java:7)
	at com.bridgelabz.Password.&lt;init&gt;(Password.java:7)
	at com.bridgelabz.Password.&lt;init&gt;(Password.java:7)
	at com.bridgelabz.Password.&lt;init&gt;(Password.java:7)
	at com.bridgelabz.Password.&lt;init&gt;(Password.java:7)
	at com.bridgelabz.Password.&lt;init&gt;(Password.java:7)
	at com.bridgelabz.Password.&lt;init&gt;(Password.java:7)
	at com.bridgelabz.Password.&lt;init&gt;(Password.java:7)
	at com.bridgelabz.Password.&lt;init&gt;(Password.java:7)
	at com.bridgelabz.Password.&lt;init&gt;(Password.java:7)
	at com.bridgelabz.Password.&lt;init&gt;(Password.java:7)
	at com.bridgelabz.Password.&lt;init&gt;(Password.java:7)
	at com.bridgelabz.Password.&lt;init&gt;(Password.java:7)
	at com.bridgelabz.Password.&lt;init&gt;(Password.java:7)
	at com.bridgelabz.Password.&lt;init&gt;(Password.java:7)
	at com.bridgelabz.Password.&lt;init&gt;(Password.java:7)
	at com.bridgelabz.Password.&lt;init&gt;(Password.java:7)
	at com.bridgelabz.Password.&lt;init&gt;(Password.java:7)
	at com.bridgelabz.Password.&lt;init&gt;(Password.java:7)
	at com.bridgelabz.Password.&lt;init&gt;(Password.java:7)
	at com.bridgelabz.Password.&lt;init&gt;(Password.java:7)
	at com.bridgelabz.Password.&lt;init&gt;(Password.java:7)
	at com.bridgelabz.Password.&lt;init&gt;(Password.java:7)
	at com.bridgelabz.Password.&lt;init&gt;(Password.java:7)
	at com.bridgelabz.Password.&lt;init&gt;(Password.java:7)
	at com.bridgelabz.Password.&lt;init&gt;(Password.java:7)
	at com.bridgelabz.Password.&lt;init&gt;(Password.java:7)
	at com.bridgelabz.Password.&lt;init&gt;(Password.java:7)
	at com.bridgelabz.Password.&lt;init&gt;(Password.java:7)
	at com.bridgelabz.Password.&lt;init&gt;(Password.java:7)
	at com.bridgelabz.Password.&lt;init&gt;(Password.java:7)
	at com.bridgelabz.Password.&lt;init&gt;(Password.java:7)
	at com.bridgelabz.Password.&lt;init&gt;(Password.java:7)
	at com.bridgelabz.Password.&lt;init&gt;(Password.java:7)
	at com.bridgelabz.Password.&lt;init&gt;(Password.java:7)
	at com.bridgelabz.Password.&lt;init&gt;(Password.java:7)
	at com.bridgelabz.Password.&lt;init&gt;(Password.java:7)
	at com.bridgelabz.Password.&lt;init&gt;(Password.java:7)
	at com.bridgelabz.Password.&lt;init&gt;(Password.java:7)
	at com.bridgelabz.Password.&lt;init&gt;(Password.java:7)
	at com.bridgelabz.Password.&lt;init&gt;(Password.java:7)
	at com.bridgelabz.Password.&lt;init&gt;(Password.java:7)
	at com.bridgelabz.Password.&lt;init&gt;(Password.java:7)
	at com.bridgelabz.Password.&lt;init&gt;(Password.java:7)
	at com.bridgelabz.Password.&lt;init&gt;(Password.java:7)
	at com.bridgelabz.Password.&lt;init&gt;(Password.java:7)
	at com.bridgelabz.Password.&lt;init&gt;(Password.java:7)
	at com.bridgelabz.Password.&lt;init&gt;(Password.java:7)
	at com.bridgelabz.Password.&lt;init&gt;(Password.java:7)
	at com.bridgelabz.Password.&lt;init&gt;(Password.java:7)
	at com.bridgelabz.Password.&lt;init&gt;(Password.java:7)
	at com.bridgelabz.Password.&lt;init&gt;(Password.java:7)
	at com.bridgelabz.Password.&lt;init&gt;(Password.java:7)
	at com.bridgelabz.Password.&lt;init&gt;(Password.java:7)
	at com.bridgelabz.Password.&lt;init&gt;(Password.java:7)
	at com.bridgelabz.Password.&lt;init&gt;(Password.java:7)
	at com.bridgelabz.Password.&lt;init&gt;(Password.java:7)
	at com.bridgelabz.Password.&lt;init&gt;(Password.java:7)
	at com.bridgelabz.Password.&lt;init&gt;(Password.java:7)
	at com.bridgelabz.Password.&lt;init&gt;(Password.java:7)
	at com.bridgelabz.Password.&lt;init&gt;(Password.java:7)
	at com.bridgelabz.Password.&lt;init&gt;(Password.java:7)
	at com.bridgelabz.Password.&lt;init&gt;(Password.java:7)
	at com.bridgelabz.Password.&lt;init&gt;(Password.java:7)
	at com.bridgelabz.Password.&lt;init&gt;(Password.java:7)
	at com.bridgelabz.Password.&lt;init&gt;(Password.java:7)
	at com.bridgelabz.Password.&lt;init&gt;(Password.java:7)
	at com.bridgelabz.Password.&lt;init&gt;(Password.java:7)
	at com.bridgelabz.Password.&lt;init&gt;(Password.java:7)
	at com.bridgelabz.Password.&lt;init&gt;(Password.java:7)
	at com.bridgelabz.Password.&lt;init&gt;(Password.java:7)
	at com.bridgelabz.Password.&lt;init&gt;(Password.java:7)
	at com.bridgelabz.Password.&lt;init&gt;(Password.java:7)
	at com.bridgelabz.Password.&lt;init&gt;(Password.java:7)
	at com.bridgelabz.Password.&lt;init&gt;(Password.java:7)
	at com.bridgelabz.Password.&lt;init&gt;(Password.java:7)
	at com.bridgelabz.Password.&lt;init&gt;(Password.java:7)
	at com.bridgelabz.Password.&lt;init&gt;(Password.java:7)
	at com.bridgelabz.Password.&lt;init&gt;(Password.java:7)
	at com.bridgelabz.Password.&lt;init&gt;(Password.java:7)
	at com.bridgelabz.Password.&lt;init&gt;(Password.java:7)
	at com.bridgelabz.Password.&lt;init&gt;(Password.java:7)
	at com.bridgelabz.Password.&lt;init&gt;(Password.java:7)
	at com.bridgelabz.Password.&lt;init&gt;(Password.java:7)
	at com.bridgelabz.Password.&lt;init&gt;(Password.java:7)
	at com.bridgelabz.Password.&lt;init&gt;(Password.java:7)
	at com.bridgelabz.Password.&lt;init&gt;(Password.java:7)
	at com.bridgelabz.Password.&lt;init&gt;(Password.java:7)
	at com.bridgelabz.Password.&lt;init&gt;(Password.java:7)
	at com.bridgelabz.Password.&lt;init&gt;(Password.java:7)
	at com.bridgelabz.Password.&lt;init&gt;(Password.java:7)
	at com.bridgelabz.Password.&lt;init&gt;(Password.java:7)
	at com.bridgelabz.Password.&lt;init&gt;(Password.java:7)
	at com.bridgelabz.Password.&lt;init&gt;(Password.java:7)
	at com.bridgelabz.Password.&lt;init&gt;(Password.java:7)
	at com.bridgelabz.Password.&lt;init&gt;(Password.java:7)
	at com.bridgelabz.Password.&lt;init&gt;(Password.java:7)
	at com.bridgelabz.Password.&lt;init&gt;(Password.java:7)
	at com.bridgelabz.Password.&lt;init&gt;(Password.java:7)
	at com.bridgelabz.Password.&lt;init&gt;(Password.java:7)
	at com.bridgelabz.Password.&lt;init&gt;(Password.java:7)
	at com.bridgelabz.Password.&lt;init&gt;(Password.java:7)
	at com.bridgelabz.Password.&lt;init&gt;(Password.java:7)
	at com.bridgelabz.Password.&lt;init&gt;(Password.java:7)
	at com.bridgelabz.Password.&lt;init&gt;(Password.java:7)
	at com.bridgelabz.Password.&lt;init&gt;(Password.java:7)
	at com.bridgelabz.Password.&lt;init&gt;(Password.java:7)
	at com.bridgelabz.Password.&lt;init&gt;(Password.java:7)
	at com.bridgelabz.Password.&lt;init&gt;(Password.java:7)
	at com.bridgelabz.Password.&lt;init&gt;(Password.java:7)
	at com.bridgelabz.Password.&lt;init&gt;(Password.java:7)
	at com.bridgelabz.Password.&lt;init&gt;(Password.java:7)
	at com.bridgelabz.Password.&lt;init&gt;(Password.java:7)
	at com.bridgelabz.Password.&lt;init&gt;(Password.java:7)
	at com.bridgelabz.Password.&lt;init&gt;(Password.java:7)
	at com.bridgelabz.Password.&lt;init&gt;(Password.java:7)
	at com.bridgelabz.Password.&lt;init&gt;(Password.java:7)
	at com.bridgelabz.Password.&lt;init&gt;(Password.java:7)
	at com.bridgelabz.Password.&lt;init&gt;(Password.java:7)
	at com.bridgelabz.Password.&lt;init&gt;(Password.java:7)
	at com.bridgelabz.Password.&lt;init&gt;(Password.java:7)
	at com.bridgelabz.Password.&lt;init&gt;(Password.java:7)
	at com.bridgelabz.Password.&lt;init&gt;(Password.java:7)
	at com.bridgelabz.Password.&lt;init&gt;(Password.java:7)
	at com.bridgelabz.Password.&lt;init&gt;(Password.java:7)
	at com.bridgelabz.Password.&lt;init&gt;(Password.java:7)
	at com.bridgelabz.Password.&lt;init&gt;(Password.java:7)
	at com.bridgelabz.Password.&lt;init&gt;(Password.java:7)
	at com.bridgelabz.Password.&lt;init&gt;(Password.java:7)
	at com.bridgelabz.Password.&lt;init&gt;(Password.java:7)
	at com.bridgelabz.Password.&lt;init&gt;(Password.java:7)
	at com.bridgelabz.Password.&lt;init&gt;(Password.java:7)
	at com.bridgelabz.Password.&lt;init&gt;(Password.java:7)
	at com.bridgelabz.Password.&lt;init&gt;(Password.java:7)
	at com.bridgelabz.Password.&lt;init&gt;(Password.java:7)
	at com.bridgelabz.Password.&lt;init&gt;(Password.java:7)
	at com.bridgelabz.Password.&lt;init&gt;(Password.java:7)
	at com.bridgelabz.Password.&lt;init&gt;(Password.java:7)
	at com.bridgelabz.Password.&lt;init&gt;(Password.java:7)
	at com.bridgelabz.Password.&lt;init&gt;(Password.java:7)
	at com.bridgelabz.Password.&lt;init&gt;(Password.java:7)
	at com.bridgelabz.Password.&lt;init&gt;(Password.java:7)
	at com.bridgelabz.Password.&lt;init&gt;(Password.java:7)
	at com.bridgelabz.Password.&lt;init&gt;(Password.java:7)
	at com.bridgelabz.Password.&lt;init&gt;(Password.java:7)
	at com.bridgelabz.Password.&lt;init&gt;(Password.java:7)
	at com.bridgelabz.Password.&lt;init&gt;(Password.java:7)
	at com.bridgelabz.Password.&lt;init&gt;(Password.java:7)
	at com.bridgelabz.Password.&lt;init&gt;(Password.java:7)
	at com.bridgelabz.Password.&lt;init&gt;(Password.java:7)
	at com.bridgelabz.Password.&lt;init&gt;(Password.java:7)
	at com.bridgelabz.Password.&lt;init&gt;(Password.java:7)
	at com.bridgelabz.Password.&lt;init&gt;(Password.java:7)
	at com.bridgelabz.Password.&lt;init&gt;(Password.java:7)
	at com.bridgelabz.Password.&lt;init&gt;(Password.java:7)
	at com.bridgelabz.Password.&lt;init&gt;(Password.java:7)
	at com.bridgelabz.Password.&lt;init&gt;(Password.java:7)
	at com.bridgelabz.Password.&lt;init&gt;(Password.java:7)
	at com.bridgelabz.Password.&lt;init&gt;(Password.java:7)
	at com.bridgelabz.Password.&lt;init&gt;(Password.java:7)
	at com.bridgelabz.Password.&lt;init&gt;(Password.java:7)
	at com.bridgelabz.Password.&lt;init&gt;(Password.java:7)
	at com.bridgelabz.Password.&lt;init&gt;(Password.java:7)
	at com.bridgelabz.Password.&lt;init&gt;(Password.java:7)
	at com.bridgelabz.Password.&lt;init&gt;(Password.java:7)
	at com.bridgelabz.Password.&lt;init&gt;(Password.java:7)
	at com.bridgelabz.Password.&lt;init&gt;(Password.java:7)
	at com.bridgelabz.Password.&lt;init&gt;(Password.java:7)
	at com.bridgelabz.Password.&lt;init&gt;(Password.java:7)
	at com.bridgelabz.Password.&lt;init&gt;(Password.java:7)
	at com.bridgelabz.Password.&lt;init&gt;(Password.java:7)
	at com.bridgelabz.Password.&lt;init&gt;(Password.java:7)
	at com.bridgelabz.Password.&lt;init&gt;(Password.java:7)
	at com.bridgelabz.Password.&lt;init&gt;(Password.java:7)
	at com.bridgelabz.Password.&lt;init&gt;(Password.java:7)
	at com.bridgelabz.Password.&lt;init&gt;(Password.java:7)
	at com.bridgelabz.Password.&lt;init&gt;(Password.java:7)
	at com.bridgelabz.Password.&lt;init&gt;(Password.java:7)
	at com.bridgelabz.Password.&lt;init&gt;(Password.java:7)
	at com.bridgelabz.Password.&lt;init&gt;(Password.java:7)
	at com.bridgelabz.Password.&lt;init&gt;(Password.java:7)
	at com.bridgelabz.Password.&lt;init&gt;(Password.java:7)
	at com.bridgelabz.Password.&lt;init&gt;(Password.java:7)
	at com.bridgelabz.Password.&lt;init&gt;(Password.java:7)
	at com.bridgelabz.Password.&lt;init&gt;(Password.java:7)
	at com.bridgelabz.Password.&lt;init&gt;(Password.java:7)
	at com.bridgelabz.Password.&lt;init&gt;(Password.java:7)
	at com.bridgelabz.Password.&lt;init&gt;(Password.java:7)
	at com.bridgelabz.Password.&lt;init&gt;(Password.java:7)
	at com.bridgelabz.Password.&lt;init&gt;(Password.java:7)
	at com.bridgelabz.Password.&lt;init&gt;(Password.java:7)
	at com.bridgelabz.Password.&lt;init&gt;(Password.java:7)
	at com.bridgelabz.Password.&lt;init&gt;(Password.java:7)
	at com.bridgelabz.Password.&lt;init&gt;(Password.java:7)
	at com.bridgelabz.Password.&lt;init&gt;(Password.java:7)
	at com.bridgelabz.Password.&lt;init&gt;(Password.java:7)
	at com.bridgelabz.Password.&lt;init&gt;(Password.java:7)
	at com.bridgelabz.Password.&lt;init&gt;(Password.java:7)
	at com.bridgelabz.Password.&lt;init&gt;(Password.java:7)
	at com.bridgelabz.Password.&lt;init&gt;(Password.java:7)
	at com.bridgelabz.Password.&lt;init&gt;(Password.java:7)
	at com.bridgelabz.Password.&lt;init&gt;(Password.java:7)
	at com.bridgelabz.Password.&lt;init&gt;(Password.java:7)
	at com.bridgelabz.Password.&lt;init&gt;(Password.java:7)
	at com.bridgelabz.Password.&lt;init&gt;(Password.java:7)
	at com.bridgelabz.Password.&lt;init&gt;(Password.java:7)
	at com.bridgelabz.Password.&lt;init&gt;(Password.java:7)
	at com.bridgelabz.Password.&lt;init&gt;(Password.java:7)
	at com.bridgelabz.Password.&lt;init&gt;(Password.java:7)
	at com.bridgelabz.Password.&lt;init&gt;(Password.java:7)
	at com.bridgelabz.Password.&lt;init&gt;(Password.java:7)
	at com.bridgelabz.Password.&lt;init&gt;(Password.java:7)
	at com.bridgelabz.Password.&lt;init&gt;(Password.java:7)
	at com.bridgelabz.Password.&lt;init&gt;(Password.java:7)
	at com.bridgelabz.Password.&lt;init&gt;(Password.java:7)
	at com.bridgelabz.Password.&lt;init&gt;(Password.java:7)
	at com.bridgelabz.Password.&lt;init&gt;(Password.java:7)
	at com.bridgelabz.Password.&lt;init&gt;(Password.java:7)
	at com.bridgelabz.Password.&lt;init&gt;(Password.java:7)
	at com.bridgelabz.Password.&lt;init&gt;(Password.java:7)
	at com.bridgelabz.Password.&lt;init&gt;(Password.java:7)
	at com.bridgelabz.Password.&lt;init&gt;(Password.java:7)
	at com.bridgelabz.Password.&lt;init&gt;(Password.java:7)
	at com.bridgelabz.Password.&lt;init&gt;(Password.java:7)
	at com.bridgelabz.Password.&lt;init&gt;(Password.java:7)
	at com.bridgelabz.Password.&lt;init&gt;(Password.java:7)
	at com.bridgelabz.Password.&lt;init&gt;(Password.java:7)
	at com.bridgelabz.Password.&lt;init&gt;(Password.java:7)
	at com.bridgelabz.Password.&lt;init&gt;(Password.java:7)
	at com.bridgelabz.Password.&lt;init&gt;(Password.java:7)
	at com.bridgelabz.Password.&lt;init&gt;(Password.java:7)
	at com.bridgelabz.Password.&lt;init&gt;(Password.java:7)
	at com.bridgelabz.Password.&lt;init&gt;(Password.java:7)
	at com.bridgelabz.Password.&lt;init&gt;(Password.java:7)
	at com.bridgelabz.Password.&lt;init&gt;(Password.java:7)
	at com.bridgelabz.Password.&lt;init&gt;(Password.java:7)
	at com.bridgelabz.Password.&lt;init&gt;(Password.java:7)
	at com.bridgelabz.Password.&lt;init&gt;(Password.java:7)
	at com.bridgelabz.Password.&lt;init&gt;(Password.java:7)
	at com.bridgelabz.Password.&lt;init&gt;(Password.java:7)
	at com.bridgelabz.Password.&lt;init&gt;(Password.java:7)
	at com.bridgelabz.Password.&lt;init&gt;(Password.java:7)
	at com.bridgelabz.Password.&lt;init&gt;(Password.java:7)
	at com.bridgelabz.Password.&lt;init&gt;(Password.java:7)
	at com.bridgelabz.Password.&lt;init&gt;(Password.java:7)
	at com.bridgelabz.Password.&lt;init&gt;(Password.java:7)
	at com.bridgelabz.Password.&lt;init&gt;(Password.java:7)
	at com.bridgelabz.Password.&lt;init&gt;(Password.java:7)
	at com.bridgelabz.Password.&lt;init&gt;(Password.java:7)
	at com.bridgelabz.Password.&lt;init&gt;(Password.java:7)
	at com.bridgelabz.Password.&lt;init&gt;(Password.java:7)
	at com.bridgelabz.Password.&lt;init&gt;(Password.java:7)
	at com.bridgelabz.Password.&lt;init&gt;(Password.java:7)
	at com.bridgelabz.Password.&lt;init&gt;(Password.java:7)
	at com.bridgelabz.Password.&lt;init&gt;(Password.java:7)
	at com.bridgelabz.Password.&lt;init&gt;(Password.java:7)
	at com.bridgelabz.Password.&lt;init&gt;(Password.java:7)
	at com.bridgelabz.Password.&lt;init&gt;(Password.java:7)
	at com.bridgelabz.Password.&lt;init&gt;(Password.java:7)
	at com.bridgelabz.Password.&lt;init&gt;(Password.java:7)
	at com.bridgelabz.Password.&lt;init&gt;(Password.java:7)
	at com.bridgelabz.Password.&lt;init&gt;(Password.java:7)
	at com.bridgelabz.Password.&lt;init&gt;(Password.java:7)
	at com.bridgelabz.Password.&lt;init&gt;(Password.java:7)
	at com.bridgelabz.Password.&lt;init&gt;(Password.java:7)
	at com.bridgelabz.Password.&lt;init&gt;(Password.java:7)
	at com.bridgelabz.Password.&lt;init&gt;(Password.java:7)
	at com.bridgelabz.Password.&lt;init&gt;(Password.java:7)
	at com.bridgelabz.Password.&lt;init&gt;(Password.java:7)
	at com.bridgelabz.Password.&lt;init&gt;(Password.java:7)
	at com.bridgelabz.Password.&lt;init&gt;(Password.java:7)
	at com.bridgelabz.Password.&lt;init&gt;(Password.java:7)
	at com.bridgelabz.Password.&lt;init&gt;(Password.java:7)
	at com.bridgelabz.Password.&lt;init&gt;(Password.java:7)
	at com.bridgelabz.Password.&lt;init&gt;(Password.java:7)
	at com.bridgelabz.Password.&lt;init&gt;(Password.java:7)
	at com.bridgelabz.Password.&lt;init&gt;(Password.java:7)
	at com.bridgelabz.Password.&lt;init&gt;(Password.java:7)
	at com.bridgelabz.Password.&lt;init&gt;(Password.java:7)
	at com.bridgelabz.Password.&lt;init&gt;(Password.java:7)
	at com.bridgelabz.Password.&lt;init&gt;(Password.java:7)
	at com.bridgelabz.Password.&lt;init&gt;(Password.java:7)
	at com.bridgelabz.Password.&lt;init&gt;(Password.java:7)
	at com.bridgelabz.Password.&lt;init&gt;(Password.java:7)
	at com.bridgelabz.Password.&lt;init&gt;(Password.java:7)
	at com.bridgelabz.Password.&lt;init&gt;(Password.java:7)
	at com.bridgelabz.Password.&lt;init&gt;(Password.java:7)
	at com.bridgelabz.Password.&lt;init&gt;(Password.java:7)
	at com.bridgelabz.Password.&lt;init&gt;(Password.java:7)
	at com.bridgelabz.Password.&lt;init&gt;(Password.java:7)
	at com.bridgelabz.Password.&lt;init&gt;(Password.java:7)
	at com.bridgelabz.Password.&lt;init&gt;(Password.java:7)
</failure>
  </testcase>
  <system-out><![CDATA[]]></system-out>
  <system-err><![CDATA[]]></system-err>
</testsuite>
